<?xml version="1.0" encoding="UTF-8"?>
<coverage generated="1685076119750" clover="3.2.0">
  <project timestamp="1685076119750" name="All files">
    <metrics statements="165" coveredstatements="109" conditionals="38" coveredconditionals="18" methods="46" coveredmethods="25" elements="249" coveredelements="152" complexity="0" loc="165" ncloc="165" packages="9" files="24" classes="24"/>
    <package name="src">
      <metrics statements="9" coveredstatements="9" conditionals="0" coveredconditionals="0" methods="2" coveredmethods="2"/>
      <file name="index.ts" path="/home/matthew/TTT-PPT-GEN/ttt-ppt-gen-backend/src/index.ts">
        <metrics statements="1" coveredstatements="1" conditionals="0" coveredconditionals="0" methods="0" coveredmethods="0"/>
        <line num="4" count="3" type="stmt"/>
      </file>
      <file name="makeApp.ts" path="/home/matthew/TTT-PPT-GEN/ttt-ppt-gen-backend/src/makeApp.ts">
        <metrics statements="8" coveredstatements="8" conditionals="0" coveredconditionals="0" methods="2" coveredmethods="2"/>
        <line num="8" count="3" type="stmt"/>
        <line num="9" count="3" type="stmt"/>
        <line num="10" count="3" type="stmt"/>
        <line num="12" count="3" type="stmt"/>
        <line num="13" count="3" type="stmt"/>
        <line num="14" count="2" type="stmt"/>
        <line num="17" count="3" type="stmt"/>
        <line num="19" count="3" type="stmt"/>
      </file>
    </package>
    <package name="src.appConfig">
      <metrics statements="12" coveredstatements="12" conditionals="4" coveredconditionals="4" methods="3" coveredmethods="3"/>
      <file name="applyMiddleware.ts" path="/home/matthew/TTT-PPT-GEN/ttt-ppt-gen-backend/src/appConfig/applyMiddleware.ts">
        <metrics statements="3" coveredstatements="3" conditionals="0" coveredconditionals="0" methods="1" coveredmethods="1"/>
        <line num="6" count="3" type="stmt"/>
        <line num="7" count="3" type="stmt"/>
        <line num="8" count="3" type="stmt"/>
      </file>
      <file name="env.ts" path="/home/matthew/TTT-PPT-GEN/ttt-ppt-gen-backend/src/appConfig/env.ts">
        <metrics statements="9" coveredstatements="9" conditionals="4" coveredconditionals="4" methods="2" coveredmethods="2"/>
        <line num="2" count="4" type="stmt"/>
        <line num="4" count="4" type="stmt"/>
        <line num="11" count="4" type="stmt"/>
        <line num="12" count="5" type="stmt"/>
        <line num="13" count="17" type="cond" truecount="2" falsecount="0"/>
        <line num="15" count="5" type="cond" truecount="2" falsecount="0"/>
        <line num="16" count="1" type="stmt"/>
        <line num="18" count="4" type="stmt"/>
        <line num="21" count="4" type="stmt"/>
      </file>
    </package>
    <package name="src.controller">
      <metrics statements="25" coveredstatements="20" conditionals="6" coveredconditionals="3" methods="5" coveredmethods="4"/>
      <file name="session.controller.ts" path="/home/matthew/TTT-PPT-GEN/ttt-ppt-gen-backend/src/controller/session.controller.ts">
        <metrics statements="6" coveredstatements="5" conditionals="2" coveredconditionals="1" methods="2" coveredmethods="2"/>
        <line num="5" count="3" type="stmt"/>
        <line num="16" count="2" type="cond" truecount="1" falsecount="1"/>
        <line num="17" count="0" type="stmt"/>
        <line num="19" count="2" type="stmt"/>
        <line num="22" count="3" type="stmt"/>
        <line num="26" count="1" type="stmt"/>
      </file>
      <file name="template.controller.ts" path="/home/matthew/TTT-PPT-GEN/ttt-ppt-gen-backend/src/controller/template.controller.ts">
        <metrics statements="12" coveredstatements="8" conditionals="2" coveredconditionals="0" methods="2" coveredmethods="1"/>
        <line num="6" count="3" type="stmt"/>
        <line num="7" count="0" type="stmt"/>
        <line num="8" count="0" type="cond" truecount="0" falsecount="2"/>
        <line num="9" count="0" type="stmt"/>
        <line num="11" count="0" type="stmt"/>
        <line num="14" count="3" type="stmt"/>
        <line num="18" count="1" type="stmt"/>
        <line num="19" count="1" type="stmt"/>
        <line num="20" count="1" type="stmt"/>
        <line num="21" count="1" type="stmt"/>
        <line num="22" count="1" type="stmt"/>
        <line num="23" count="1" type="stmt"/>
      </file>
      <file name="user.controller.ts" path="/home/matthew/TTT-PPT-GEN/ttt-ppt-gen-backend/src/controller/user.controller.ts">
        <metrics statements="7" coveredstatements="7" conditionals="2" coveredconditionals="2" methods="1" coveredmethods="1"/>
        <line num="8" count="3" type="stmt"/>
        <line num="12" count="3" type="stmt"/>
        <line num="13" count="3" type="cond" truecount="2" falsecount="0"/>
        <line num="14" count="1" type="stmt"/>
        <line num="19" count="1" type="stmt"/>
        <line num="21" count="2" type="stmt"/>
        <line num="24" count="2" type="stmt"/>
      </file>
    </package>
    <package name="src.db">
      <metrics statements="12" coveredstatements="8" conditionals="2" coveredconditionals="2" methods="5" coveredmethods="2"/>
      <file name="database.ts" path="/home/matthew/TTT-PPT-GEN/ttt-ppt-gen-backend/src/db/database.ts">
        <metrics statements="11" coveredstatements="7" conditionals="2" coveredconditionals="2" methods="5" coveredmethods="2"/>
        <line num="6" count="3" type="stmt"/>
        <line num="9" count="3" type="stmt"/>
        <line num="10" count="3" type="cond" truecount="2" falsecount="0"/>
        <line num="11" count="1" type="stmt"/>
        <line num="13" count="2" type="stmt"/>
        <line num="14" count="2" type="stmt"/>
        <line num="19" count="0" type="stmt"/>
        <line num="20" count="0" type="stmt"/>
        <line num="22" count="0" type="stmt"/>
        <line num="28" count="0" type="stmt"/>
        <line num="35" count="1" type="stmt"/>
      </file>
      <file name="prisma.ts" path="/home/matthew/TTT-PPT-GEN/ttt-ppt-gen-backend/src/db/prisma.ts">
        <metrics statements="1" coveredstatements="1" conditionals="0" coveredconditionals="0" methods="0" coveredmethods="0"/>
        <line num="3" count="3" type="stmt"/>
      </file>
    </package>
    <package name="src.middleware">
      <metrics statements="23" coveredstatements="22" conditionals="8" coveredconditionals="6" methods="4" coveredmethods="4"/>
      <file name="deserializeUser.ts" path="/home/matthew/TTT-PPT-GEN/ttt-ppt-gen-backend/src/middleware/deserializeUser.ts">
        <metrics statements="9" coveredstatements="8" conditionals="6" coveredconditionals="5" methods="1" coveredmethods="1"/>
        <line num="6" count="3" type="stmt"/>
        <line num="11" count="3" type="cond" truecount="1" falsecount="1"/>
        <line num="12" count="0" type="stmt"/>
        <line num="14" count="3" type="stmt"/>
        <line num="15" count="3" type="stmt"/>
        <line num="16" count="3" type="cond" truecount="4" falsecount="0"/>
        <line num="17" count="1" type="stmt"/>
        <line num="19" count="2" type="stmt"/>
        <line num="20" count="2" type="stmt"/>
      </file>
      <file name="validateSchema.ts" path="/home/matthew/TTT-PPT-GEN/ttt-ppt-gen-backend/src/middleware/validateSchema.ts">
        <metrics statements="7" coveredstatements="7" conditionals="0" coveredconditionals="0" methods="2" coveredmethods="2"/>
        <line num="5" count="3" type="stmt"/>
        <line num="6" count="15" type="stmt"/>
        <line num="7" count="16" type="stmt"/>
        <line num="8" count="16" type="stmt"/>
        <line num="9" count="16" type="stmt"/>
        <line num="15" count="8" type="stmt"/>
        <line num="17" count="8" type="stmt"/>
      </file>
      <file name="validateTemplate.ts" path="/home/matthew/TTT-PPT-GEN/ttt-ppt-gen-backend/src/middleware/validateTemplate.ts">
        <metrics statements="7" coveredstatements="7" conditionals="2" coveredconditionals="1" methods="1" coveredmethods="1"/>
        <line num="7" count="3" type="stmt"/>
        <line num="12" count="1" type="stmt"/>
        <line num="13" count="1" type="stmt"/>
        <line num="14" count="1" type="cond" truecount="1" falsecount="1"/>
        <line num="15" count="1" type="stmt"/>
        <line num="20" count="1" type="stmt"/>
        <line num="22" count="1" type="stmt"/>
      </file>
    </package>
    <package name="src.routes">
      <metrics statements="9" coveredstatements="8" conditionals="0" coveredconditionals="0" methods="2" coveredmethods="1"/>
      <file name="index.ts" path="/home/matthew/TTT-PPT-GEN/ttt-ppt-gen-backend/src/routes/index.ts">
        <metrics statements="9" coveredstatements="8" conditionals="0" coveredconditionals="0" methods="2" coveredmethods="1"/>
        <line num="19" count="3" type="stmt"/>
        <line num="20" count="3" type="stmt"/>
        <line num="21" count="0" type="stmt"/>
        <line num="25" count="3" type="stmt"/>
        <line num="27" count="3" type="stmt"/>
        <line num="35" count="3" type="stmt"/>
        <line num="36" count="3" type="stmt"/>
        <line num="39" count="3" type="stmt"/>
        <line num="45" count="3" type="stmt"/>
      </file>
    </package>
    <package name="src.schema">
      <metrics statements="7" coveredstatements="7" conditionals="0" coveredconditionals="0" methods="3" coveredmethods="3"/>
      <file name="session.schema.ts" path="/home/matthew/TTT-PPT-GEN/ttt-ppt-gen-backend/src/schema/session.schema.ts">
        <metrics statements="3" coveredstatements="3" conditionals="0" coveredconditionals="0" methods="1" coveredmethods="1"/>
        <line num="3" count="3" type="stmt"/>
        <line num="5" count="4" type="stmt"/>
        <line num="9" count="3" type="stmt"/>
      </file>
      <file name="template.schema.ts" path="/home/matthew/TTT-PPT-GEN/ttt-ppt-gen-backend/src/schema/template.schema.ts">
        <metrics statements="1" coveredstatements="1" conditionals="0" coveredconditionals="0" methods="0" coveredmethods="0"/>
        <line num="4" count="3" type="stmt"/>
      </file>
      <file name="user.schema.ts" path="/home/matthew/TTT-PPT-GEN/ttt-ppt-gen-backend/src/schema/user.schema.ts">
        <metrics statements="3" coveredstatements="3" conditionals="0" coveredconditionals="0" methods="2" coveredmethods="2"/>
        <line num="4" count="3" type="stmt"/>
        <line num="13" count="5" type="stmt"/>
        <line num="27" count="5" type="stmt"/>
      </file>
    </package>
    <package name="src.service">
      <metrics statements="12" coveredstatements="6" conditionals="2" coveredconditionals="0" methods="4" coveredmethods="1"/>
      <file name="template.service.ts" path="/home/matthew/TTT-PPT-GEN/ttt-ppt-gen-backend/src/service/template.service.ts">
        <metrics statements="6" coveredstatements="4" conditionals="0" coveredconditionals="0" methods="2" coveredmethods="1"/>
        <line num="3" count="3" type="stmt"/>
        <line num="4" count="0" type="stmt"/>
        <line num="17" count="0" type="stmt"/>
        <line num="20" count="3" type="stmt"/>
        <line num="21" count="1" type="stmt"/>
        <line num="29" count="1" type="stmt"/>
      </file>
      <file name="user.service.ts" path="/home/matthew/TTT-PPT-GEN/ttt-ppt-gen-backend/src/service/user.service.ts">
        <metrics statements="6" coveredstatements="2" conditionals="2" coveredconditionals="0" methods="2" coveredmethods="0"/>
        <line num="5" count="3" type="stmt"/>
        <line num="6" count="0" type="stmt"/>
        <line num="13" count="3" type="stmt"/>
        <line num="14" count="0" type="stmt"/>
        <line num="16" count="0" type="stmt"/>
        <line num="22" count="0" type="stmt"/>
      </file>
    </package>
    <package name="src.utils">
      <metrics statements="56" coveredstatements="17" conditionals="16" coveredconditionals="3" methods="18" coveredmethods="5"/>
      <file name="errorFactory.ts" path="/home/matthew/TTT-PPT-GEN/ttt-ppt-gen-backend/src/utils/errorFactory.ts">
        <metrics statements="2" coveredstatements="2" conditionals="0" coveredconditionals="0" methods="1" coveredmethods="1"/>
        <line num="1" count="3" type="stmt"/>
        <line num="2" count="2" type="stmt"/>
      </file>
      <file name="genPpt.ts" path="/home/matthew/TTT-PPT-GEN/ttt-ppt-gen-backend/src/utils/genPpt.ts">
        <metrics statements="37" coveredstatements="10" conditionals="12" coveredconditionals="1" methods="12" coveredmethods="2"/>
        <line num="11" count="3" type="stmt"/>
        <line num="63" count="3" type="stmt"/>
        <line num="64" count="0" type="stmt"/>
        <line num="70" count="3" type="stmt"/>
        <line num="71" count="0" type="stmt"/>
        <line num="72" count="0" type="stmt"/>
        <line num="74" count="0" type="cond" truecount="0" falsecount="2"/>
        <line num="77" count="0" type="cond" truecount="0" falsecount="2"/>
        <line num="78" count="0" type="stmt"/>
        <line num="80" count="0" type="stmt"/>
        <line num="85" count="3" type="stmt"/>
        <line num="86" count="0" type="stmt"/>
        <line num="87" count="0" type="cond" truecount="0" falsecount="2"/>
        <line num="88" count="0" type="stmt"/>
        <line num="91" count="0" type="stmt"/>
        <line num="100" count="3" type="stmt"/>
        <line num="106" count="0" type="stmt"/>
        <line num="107" count="0" type="stmt"/>
        <line num="108" count="0" type="stmt"/>
        <line num="109" count="0" type="cond" truecount="0" falsecount="2"/>
        <line num="110" count="0" type="stmt"/>
        <line num="113" count="0" type="cond" truecount="0" falsecount="2"/>
        <line num="114" count="0" type="stmt"/>
        <line num="118" count="3" type="stmt"/>
        <line num="123" count="0" type="stmt"/>
        <line num="124" count="0" type="stmt"/>
        <line num="125" count="0" type="stmt"/>
        <line num="129" count="3" type="stmt"/>
        <line num="135" count="5" type="stmt"/>
        <line num="136" count="1" type="cond" truecount="1" falsecount="1"/>
        <line num="137" count="1" type="stmt"/>
        <line num="139" count="0" type="stmt"/>
        <line num="141" count="0" type="stmt"/>
        <line num="143" count="0" type="stmt"/>
        <line num="144" count="0" type="stmt"/>
        <line num="145" count="0" type="stmt"/>
        <line num="146" count="0" type="stmt"/>
      </file>
      <file name="getTokenFromHeader.ts" path="/home/matthew/TTT-PPT-GEN/ttt-ppt-gen-backend/src/utils/getTokenFromHeader.ts">
        <metrics statements="2" coveredstatements="2" conditionals="0" coveredconditionals="0" methods="1" coveredmethods="1"/>
        <line num="1" count="4" type="stmt"/>
        <line num="2" count="4" type="stmt"/>
      </file>
      <file name="hashPassword.ts" path="/home/matthew/TTT-PPT-GEN/ttt-ppt-gen-backend/src/utils/hashPassword.ts">
        <metrics statements="3" coveredstatements="1" conditionals="0" coveredconditionals="0" methods="1" coveredmethods="0"/>
        <line num="5" count="3" type="stmt"/>
        <line num="6" count="0" type="stmt"/>
        <line num="7" count="0" type="stmt"/>
      </file>
      <file name="jwt.ts" path="/home/matthew/TTT-PPT-GEN/ttt-ppt-gen-backend/src/utils/jwt.ts">
        <metrics statements="5" coveredstatements="1" conditionals="2" coveredconditionals="2" methods="2" coveredmethods="1"/>
        <line num="5" count="2" type="stmt"/>
        <line num="11" count="0" type="stmt"/>
        <line num="12" count="0" type="stmt"/>
        <line num="13" count="0" type="stmt"/>
        <line num="19" count="0" type="stmt"/>
      </file>
      <file name="passCompare.ts" path="/home/matthew/TTT-PPT-GEN/ttt-ppt-gen-backend/src/utils/passCompare.ts">
        <metrics statements="7" coveredstatements="1" conditionals="2" coveredconditionals="0" methods="1" coveredmethods="0"/>
        <line num="3" count="1" type="stmt"/>
        <line num="4" count="0" type="stmt"/>
        <line num="5" count="0" type="stmt"/>
        <line num="6" count="0" type="cond" truecount="0" falsecount="2"/>
        <line num="7" count="0" type="stmt"/>
        <line num="9" count="0" type="stmt"/>
        <line num="12" count="0" type="stmt"/>
      </file>
    </package>
  </project>
</coverage>
