{"/home/matthew/TTT-PPT-GEN/ttt-ppt-gen-backend/src/index.ts": {"path":"/home/matthew/TTT-PPT-GEN/ttt-ppt-gen-backend/src/index.ts","statementMap":{"0":{"start":{"line":4,"column":37},"end":{"line":4,"column":54}}},"fnMap":{},"branchMap":{},"s":{"0":3},"f":{},"b":{},"_coverageSchema":"1a1c01bbd47fc00a2c39e90264f33305004495a9","hash":"dd949321a3c7024ed64b305dfde3cec72df171ee"}
,"/home/matthew/TTT-PPT-GEN/ttt-ppt-gen-backend/src/makeApp.ts": {"path":"/home/matthew/TTT-PPT-GEN/ttt-ppt-gen-backend/src/makeApp.ts","statementMap":{"0":{"start":{"line":8,"column":16},"end":{"line":24,"column":1}},"1":{"start":{"line":9,"column":16},"end":{"line":9,"column":25}},"2":{"start":{"line":10,"column":4},"end":{"line":10,"column":24}},"3":{"start":{"line":12,"column":19},"end":{"line":12,"column":41}},"4":{"start":{"line":13,"column":4},"end":{"line":15,"column":6}},"5":{"start":{"line":14,"column":8},"end":{"line":14,"column":57}},"6":{"start":{"line":17,"column":4},"end":{"line":17,"column":18}},"7":{"start":{"line":19,"column":4},"end":{"line":23,"column":5}}},"fnMap":{"0":{"name":"(anonymous_0)","decl":{"start":{"line":8,"column":16},"end":{"line":8,"column":17}},"loc":{"start":{"line":8,"column":50},"end":{"line":24,"column":1}},"line":8},"1":{"name":"(anonymous_1)","decl":{"start":{"line":13,"column":28},"end":{"line":13,"column":29}},"loc":{"start":{"line":13,"column":34},"end":{"line":15,"column":5}},"line":13}},"branchMap":{},"s":{"0":3,"1":3,"2":3,"3":3,"4":3,"5":2,"6":3,"7":3},"f":{"0":3,"1":2},"b":{},"_coverageSchema":"1a1c01bbd47fc00a2c39e90264f33305004495a9","hash":"1161ad30e1f6bbdfc63e79b4a57bb09c09cf4fc9"}
,"/home/matthew/TTT-PPT-GEN/ttt-ppt-gen-backend/src/appConfig/applyMiddleware.ts": {"path":"/home/matthew/TTT-PPT-GEN/ttt-ppt-gen-backend/src/appConfig/applyMiddleware.ts","statementMap":{"0":{"start":{"line":6,"column":24},"end":{"line":9,"column":1}},"1":{"start":{"line":7,"column":4},"end":{"line":7,"column":27}},"2":{"start":{"line":8,"column":4},"end":{"line":8,"column":14}}},"fnMap":{"0":{"name":"(anonymous_0)","decl":{"start":{"line":6,"column":24},"end":{"line":6,"column":25}},"loc":{"start":{"line":6,"column":46},"end":{"line":9,"column":1}},"line":6}},"branchMap":{},"s":{"0":3,"1":3,"2":3},"f":{"0":3},"b":{},"_coverageSchema":"1a1c01bbd47fc00a2c39e90264f33305004495a9","hash":"21f5b81e7372eef066640c78d1ce667d72c51038"}
,"/home/matthew/TTT-PPT-GEN/ttt-ppt-gen-backend/src/appConfig/env.ts": {"path":"/home/matthew/TTT-PPT-GEN/ttt-ppt-gen-backend/src/appConfig/env.ts","statementMap":{"0":{"start":{"line":2,"column":0},"end":{"line":2,"column":15}},"1":{"start":{"line":4,"column":21},"end":{"line":9,"column":1}},"2":{"start":{"line":11,"column":23},"end":{"line":19,"column":1}},"3":{"start":{"line":12,"column":26},"end":{"line":14,"column":5}},"4":{"start":{"line":13,"column":17},"end":{"line":13,"column":45}},"5":{"start":{"line":15,"column":4},"end":{"line":17,"column":5}},"6":{"start":{"line":16,"column":8},"end":{"line":16,"column":78}},"7":{"start":{"line":18,"column":4},"end":{"line":18,"column":14}},"8":{"start":{"line":21,"column":15},"end":{"line":21,"column":36}}},"fnMap":{"0":{"name":"(anonymous_0)","decl":{"start":{"line":11,"column":23},"end":{"line":11,"column":24}},"loc":{"start":{"line":11,"column":56},"end":{"line":19,"column":1}},"line":11},"1":{"name":"(anonymous_1)","decl":{"start":{"line":13,"column":8},"end":{"line":13,"column":9}},"loc":{"start":{"line":13,"column":17},"end":{"line":13,"column":45}},"line":13}},"branchMap":{"0":{"loc":{"start":{"line":13,"column":17},"end":{"line":13,"column":45}},"type":"binary-expr","locations":[{"start":{"line":13,"column":17},"end":{"line":13,"column":37}},{"start":{"line":13,"column":41},"end":{"line":13,"column":45}}],"line":13},"1":{"loc":{"start":{"line":15,"column":4},"end":{"line":17,"column":5}},"type":"if","locations":[{"start":{"line":15,"column":4},"end":{"line":17,"column":5}},{"start":{},"end":{}}],"line":15}},"s":{"0":4,"1":4,"2":4,"3":5,"4":17,"5":5,"6":1,"7":4,"8":4},"f":{"0":5,"1":17},"b":{"0":[17,16],"1":[1,4]},"_coverageSchema":"1a1c01bbd47fc00a2c39e90264f33305004495a9","hash":"fad37495a2ae7a11e2f6a53f5d38dd8229efa56b"}
,"/home/matthew/TTT-PPT-GEN/ttt-ppt-gen-backend/src/controller/session.controller.ts": {"path":"/home/matthew/TTT-PPT-GEN/ttt-ppt-gen-backend/src/controller/session.controller.ts","statementMap":{"0":{"start":{"line":5,"column":25},"end":{"line":20,"column":1}},"1":{"start":{"line":16,"column":4},"end":{"line":18,"column":5}},"2":{"start":{"line":17,"column":8},"end":{"line":17,"column":53}},"3":{"start":{"line":19,"column":4},"end":{"line":19,"column":48}},"4":{"start":{"line":22,"column":28},"end":{"line":27,"column":1}},"5":{"start":{"line":26,"column":4},"end":{"line":26,"column":43}}},"fnMap":{"0":{"name":"(anonymous_0)","decl":{"start":{"line":5,"column":25},"end":{"line":5,"column":26}},"loc":{"start":{"line":15,"column":5},"end":{"line":20,"column":1}},"line":15},"1":{"name":"(anonymous_1)","decl":{"start":{"line":22,"column":28},"end":{"line":22,"column":29}},"loc":{"start":{"line":25,"column":5},"end":{"line":27,"column":1}},"line":25}},"branchMap":{"0":{"loc":{"start":{"line":16,"column":4},"end":{"line":18,"column":5}},"type":"if","locations":[{"start":{"line":16,"column":4},"end":{"line":18,"column":5}},{"start":{},"end":{}}],"line":16}},"s":{"0":3,"1":2,"2":0,"3":2,"4":3,"5":1},"f":{"0":2,"1":1},"b":{"0":[0,2]},"_coverageSchema":"1a1c01bbd47fc00a2c39e90264f33305004495a9","hash":"a007cbdc531f9226a1cbc8b60eaed175bedea077"}
,"/home/matthew/TTT-PPT-GEN/ttt-ppt-gen-backend/src/controller/template.controller.ts": {"path":"/home/matthew/TTT-PPT-GEN/ttt-ppt-gen-backend/src/controller/template.controller.ts","statementMap":{"0":{"start":{"line":6,"column":30},"end":{"line":12,"column":1}},"1":{"start":{"line":7,"column":22},"end":{"line":7,"column":66}},"2":{"start":{"line":8,"column":4},"end":{"line":10,"column":5}},"3":{"start":{"line":9,"column":8},"end":{"line":9,"column":36}},"4":{"start":{"line":11,"column":4},"end":{"line":11,"column":35}},"5":{"start":{"line":14,"column":29},"end":{"line":24,"column":1}},"6":{"start":{"line":18,"column":42},"end":{"line":18,"column":50}},"7":{"start":{"line":19,"column":4},"end":{"line":19,"column":30}},"8":{"start":{"line":20,"column":4},"end":{"line":20,"column":54}},"9":{"start":{"line":21,"column":4},"end":{"line":21,"column":35}},"10":{"start":{"line":22,"column":21},"end":{"line":22,"column":64}},"11":{"start":{"line":23,"column":4},"end":{"line":23,"column":38}}},"fnMap":{"0":{"name":"(anonymous_0)","decl":{"start":{"line":6,"column":30},"end":{"line":6,"column":31}},"loc":{"start":{"line":6,"column":69},"end":{"line":12,"column":1}},"line":6},"1":{"name":"(anonymous_1)","decl":{"start":{"line":14,"column":29},"end":{"line":14,"column":30}},"loc":{"start":{"line":17,"column":5},"end":{"line":24,"column":1}},"line":17}},"branchMap":{"0":{"loc":{"start":{"line":8,"column":4},"end":{"line":10,"column":5}},"type":"if","locations":[{"start":{"line":8,"column":4},"end":{"line":10,"column":5}},{"start":{},"end":{}}],"line":8}},"s":{"0":3,"1":0,"2":0,"3":0,"4":0,"5":3,"6":1,"7":1,"8":1,"9":1,"10":1,"11":1},"f":{"0":0,"1":1},"b":{"0":[0,0]},"_coverageSchema":"1a1c01bbd47fc00a2c39e90264f33305004495a9","hash":"d9c02d5fef92e78f221f3d30416f3c3819e86be5"}
,"/home/matthew/TTT-PPT-GEN/ttt-ppt-gen-backend/src/controller/user.controller.ts": {"path":"/home/matthew/TTT-PPT-GEN/ttt-ppt-gen-backend/src/controller/user.controller.ts","statementMap":{"0":{"start":{"line":8,"column":25},"end":{"line":28,"column":1}},"1":{"start":{"line":12,"column":20},"end":{"line":12,"column":61}},"2":{"start":{"line":13,"column":4},"end":{"line":20,"column":5}},"3":{"start":{"line":14,"column":22},"end":{"line":18,"column":9}},"4":{"start":{"line":19,"column":8},"end":{"line":19,"column":42}},"5":{"start":{"line":21,"column":16},"end":{"line":23,"column":6}},"6":{"start":{"line":24,"column":4},"end":{"line":27,"column":6}}},"fnMap":{"0":{"name":"(anonymous_0)","decl":{"start":{"line":8,"column":25},"end":{"line":8,"column":26}},"loc":{"start":{"line":11,"column":5},"end":{"line":28,"column":1}},"line":11}},"branchMap":{"0":{"loc":{"start":{"line":13,"column":4},"end":{"line":20,"column":5}},"type":"if","locations":[{"start":{"line":13,"column":4},"end":{"line":20,"column":5}},{"start":{},"end":{}}],"line":13}},"s":{"0":3,"1":3,"2":3,"3":1,"4":1,"5":2,"6":2},"f":{"0":3},"b":{"0":[1,2]},"_coverageSchema":"1a1c01bbd47fc00a2c39e90264f33305004495a9","hash":"d0d3e06957b93b69a657a43f046a528b41d259f5"}
,"/home/matthew/TTT-PPT-GEN/ttt-ppt-gen-backend/src/db/database.ts": {"path":"/home/matthew/TTT-PPT-GEN/ttt-ppt-gen-backend/src/db/database.ts","statementMap":{"0":{"start":{"line":6,"column":17},"end":{"line":38,"column":1}},"1":{"start":{"line":9,"column":31},"end":{"line":9,"column":51}},"2":{"start":{"line":10,"column":12},"end":{"line":12,"column":13}},"3":{"start":{"line":11,"column":16},"end":{"line":11,"column":28}},"4":{"start":{"line":13,"column":25},"end":{"line":13,"column":51}},"5":{"start":{"line":14,"column":12},"end":{"line":14,"column":23}},"6":{"start":{"line":19,"column":30},"end":{"line":19,"column":53}},"7":{"start":{"line":20,"column":12},"end":{"line":32,"column":13}},"8":{"start":{"line":22,"column":20},"end":{"line":30,"column":21}},"9":{"start":{"line":28,"column":39},"end":{"line":28,"column":55}},"10":{"start":{"line":35,"column":12},"end":{"line":35,"column":54}}},"fnMap":{"0":{"name":"(anonymous_0)","decl":{"start":{"line":8,"column":8},"end":{"line":8,"column":9}},"loc":{"start":{"line":8,"column":49},"end":{"line":15,"column":9}},"line":8},"1":{"name":"(anonymous_1)","decl":{"start":{"line":18,"column":8},"end":{"line":18,"column":9}},"loc":{"start":{"line":18,"column":55},"end":{"line":33,"column":9}},"line":18},"2":{"name":"(anonymous_2)","decl":{"start":{"line":21,"column":16},"end":{"line":21,"column":17}},"loc":{"start":{"line":21,"column":73},"end":{"line":31,"column":17}},"line":21},"3":{"name":"(anonymous_3)","decl":{"start":{"line":28,"column":28},"end":{"line":28,"column":29}},"loc":{"start":{"line":28,"column":39},"end":{"line":28,"column":55}},"line":28},"4":{"name":"(anonymous_4)","decl":{"start":{"line":34,"column":8},"end":{"line":34,"column":9}},"loc":{"start":{"line":34,"column":72},"end":{"line":36,"column":9}},"line":34}},"branchMap":{"0":{"loc":{"start":{"line":10,"column":12},"end":{"line":12,"column":13}},"type":"if","locations":[{"start":{"line":10,"column":12},"end":{"line":12,"column":13}},{"start":{},"end":{}}],"line":10}},"s":{"0":3,"1":3,"2":3,"3":1,"4":2,"5":2,"6":0,"7":0,"8":0,"9":0,"10":1},"f":{"0":3,"1":0,"2":0,"3":0,"4":1},"b":{"0":[1,2]},"_coverageSchema":"1a1c01bbd47fc00a2c39e90264f33305004495a9","hash":"2b4ca24cfdbc1fdab293654d616598c094966cde"}
,"/home/matthew/TTT-PPT-GEN/ttt-ppt-gen-backend/src/db/prisma.ts": {"path":"/home/matthew/TTT-PPT-GEN/ttt-ppt-gen-backend/src/db/prisma.ts","statementMap":{"0":{"start":{"line":3,"column":21},"end":{"line":3,"column":39}}},"fnMap":{},"branchMap":{},"s":{"0":3},"f":{},"b":{},"_coverageSchema":"1a1c01bbd47fc00a2c39e90264f33305004495a9","hash":"e49359d12f9a5061d011dfc3baa7732ff230b2df"}
,"/home/matthew/TTT-PPT-GEN/ttt-ppt-gen-backend/src/middleware/deserializeUser.ts": {"path":"/home/matthew/TTT-PPT-GEN/ttt-ppt-gen-backend/src/middleware/deserializeUser.ts","statementMap":{"0":{"start":{"line":6,"column":24},"end":{"line":21,"column":1}},"1":{"start":{"line":11,"column":4},"end":{"line":13,"column":5}},"2":{"start":{"line":12,"column":8},"end":{"line":12,"column":62}},"3":{"start":{"line":14,"column":24},"end":{"line":14,"column":69}},"4":{"start":{"line":15,"column":30},"end":{"line":15,"column":58}},"5":{"start":{"line":16,"column":4},"end":{"line":18,"column":5}},"6":{"start":{"line":17,"column":8},"end":{"line":17,"column":54}},"7":{"start":{"line":19,"column":4},"end":{"line":19,"column":54}},"8":{"start":{"line":20,"column":4},"end":{"line":20,"column":10}}},"fnMap":{"0":{"name":"(anonymous_0)","decl":{"start":{"line":6,"column":24},"end":{"line":6,"column":25}},"loc":{"start":{"line":10,"column":5},"end":{"line":21,"column":1}},"line":10}},"branchMap":{"0":{"loc":{"start":{"line":11,"column":4},"end":{"line":13,"column":5}},"type":"if","locations":[{"start":{"line":11,"column":4},"end":{"line":13,"column":5}},{"start":{},"end":{}}],"line":11},"1":{"loc":{"start":{"line":16,"column":4},"end":{"line":18,"column":5}},"type":"if","locations":[{"start":{"line":16,"column":4},"end":{"line":18,"column":5}},{"start":{},"end":{}}],"line":16},"2":{"loc":{"start":{"line":16,"column":8},"end":{"line":16,"column":70}},"type":"binary-expr","locations":[{"start":{"line":16,"column":8},"end":{"line":16,"column":33}},{"start":{"line":16,"column":37},"end":{"line":16,"column":70}}],"line":16}},"s":{"0":3,"1":3,"2":0,"3":3,"4":3,"5":3,"6":1,"7":2,"8":2},"f":{"0":3},"b":{"0":[0,3],"1":[1,2],"2":[3,2]},"_coverageSchema":"1a1c01bbd47fc00a2c39e90264f33305004495a9","hash":"ddea1d7ff15156da19430311350cdfae3f1ebf23"}
,"/home/matthew/TTT-PPT-GEN/ttt-ppt-gen-backend/src/middleware/validateSchema.ts": {"path":"/home/matthew/TTT-PPT-GEN/ttt-ppt-gen-backend/src/middleware/validateSchema.ts","statementMap":{"0":{"start":{"line":5,"column":4},"end":{"line":19,"column":5}},"1":{"start":{"line":6,"column":4},"end":{"line":19,"column":5}},"2":{"start":{"line":7,"column":8},"end":{"line":18,"column":9}},"3":{"start":{"line":8,"column":12},"end":{"line":8,"column":35}},"4":{"start":{"line":9,"column":12},"end":{"line":14,"column":14}},"5":{"start":{"line":15,"column":12},"end":{"line":15,"column":18}},"6":{"start":{"line":17,"column":12},"end":{"line":17,"column":46}}},"fnMap":{"0":{"name":"(anonymous_0)","decl":{"start":{"line":5,"column":4},"end":{"line":5,"column":5}},"loc":{"start":{"line":6,"column":4},"end":{"line":19,"column":5}},"line":6},"1":{"name":"(anonymous_1)","decl":{"start":{"line":6,"column":4},"end":{"line":6,"column":5}},"loc":{"start":{"line":6,"column":57},"end":{"line":19,"column":5}},"line":6}},"branchMap":{},"s":{"0":3,"1":15,"2":16,"3":16,"4":16,"5":8,"6":8},"f":{"0":15,"1":16},"b":{},"_coverageSchema":"1a1c01bbd47fc00a2c39e90264f33305004495a9","hash":"4c87302e4375dfb7b54676393d13b7942acf1430"}
,"/home/matthew/TTT-PPT-GEN/ttt-ppt-gen-backend/src/middleware/validateTemplate.ts": {"path":"/home/matthew/TTT-PPT-GEN/ttt-ppt-gen-backend/src/middleware/validateTemplate.ts","statementMap":{"0":{"start":{"line":7,"column":25},"end":{"line":23,"column":1}},"1":{"start":{"line":12,"column":42},"end":{"line":12,"column":50}},"2":{"start":{"line":13,"column":27},"end":{"line":13,"column":75}},"3":{"start":{"line":14,"column":4},"end":{"line":21,"column":5}},"4":{"start":{"line":15,"column":22},"end":{"line":19,"column":9}},"5":{"start":{"line":20,"column":8},"end":{"line":20,"column":35}},"6":{"start":{"line":22,"column":4},"end":{"line":22,"column":10}}},"fnMap":{"0":{"name":"(anonymous_0)","decl":{"start":{"line":7,"column":25},"end":{"line":7,"column":26}},"loc":{"start":{"line":11,"column":5},"end":{"line":23,"column":1}},"line":11}},"branchMap":{"0":{"loc":{"start":{"line":14,"column":4},"end":{"line":21,"column":5}},"type":"if","locations":[{"start":{"line":14,"column":4},"end":{"line":21,"column":5}},{"start":{},"end":{}}],"line":14}},"s":{"0":3,"1":1,"2":1,"3":1,"4":1,"5":1,"6":1},"f":{"0":1},"b":{"0":[1,0]},"_coverageSchema":"1a1c01bbd47fc00a2c39e90264f33305004495a9","hash":"612f4e4888c311f8128061bfeaafaaa16c9676ea"}
,"/home/matthew/TTT-PPT-GEN/ttt-ppt-gen-backend/src/routes/index.ts": {"path":"/home/matthew/TTT-PPT-GEN/ttt-ppt-gen-backend/src/routes/index.ts","statementMap":{"0":{"start":{"line":19,"column":18},"end":{"line":50,"column":1}},"1":{"start":{"line":20,"column":4},"end":{"line":22,"column":6}},"2":{"start":{"line":21,"column":8},"end":{"line":21,"column":41}},"3":{"start":{"line":25,"column":4},"end":{"line":25,"column":51}},"4":{"start":{"line":27,"column":4},"end":{"line":32,"column":5}},"5":{"start":{"line":35,"column":4},"end":{"line":35,"column":52}},"6":{"start":{"line":36,"column":4},"end":{"line":36,"column":71}},"7":{"start":{"line":39,"column":4},"end":{"line":44,"column":5}},"8":{"start":{"line":45,"column":4},"end":{"line":49,"column":5}}},"fnMap":{"0":{"name":"(anonymous_0)","decl":{"start":{"line":19,"column":18},"end":{"line":19,"column":19}},"loc":{"start":{"line":19,"column":36},"end":{"line":50,"column":1}},"line":19},"1":{"name":"(anonymous_1)","decl":{"start":{"line":20,"column":28},"end":{"line":20,"column":29}},"loc":{"start":{"line":20,"column":61},"end":{"line":22,"column":5}},"line":20}},"branchMap":{},"s":{"0":3,"1":3,"2":0,"3":3,"4":3,"5":3,"6":3,"7":3,"8":3},"f":{"0":3,"1":0},"b":{},"_coverageSchema":"1a1c01bbd47fc00a2c39e90264f33305004495a9","hash":"c13f57509831a5e68fdae50a0114e8cd088e8778"}
,"/home/matthew/TTT-PPT-GEN/ttt-ppt-gen-backend/src/schema/session.schema.ts": {"path":"/home/matthew/TTT-PPT-GEN/ttt-ppt-gen-backend/src/schema/session.schema.ts","statementMap":{"0":{"start":{"line":3,"column":22},"end":{"line":7,"column":2}},"1":{"start":{"line":5,"column":53},"end":{"line":5,"column":78}},"2":{"start":{"line":9,"column":28},"end":{"line":14,"column":2}}},"fnMap":{"0":{"name":"(anonymous_0)","decl":{"start":{"line":5,"column":41},"end":{"line":5,"column":42}},"loc":{"start":{"line":5,"column":53},"end":{"line":5,"column":78}},"line":5}},"branchMap":{},"s":{"0":3,"1":4,"2":3},"f":{"0":4},"b":{},"_coverageSchema":"1a1c01bbd47fc00a2c39e90264f33305004495a9","hash":"aaa1ead03c34083c7db1dc64711b3f1110989385"}
,"/home/matthew/TTT-PPT-GEN/ttt-ppt-gen-backend/src/schema/template.schema.ts": {"path":"/home/matthew/TTT-PPT-GEN/ttt-ppt-gen-backend/src/schema/template.schema.ts","statementMap":{"0":{"start":{"line":4,"column":23},"end":{"line":15,"column":2}}},"fnMap":{},"branchMap":{},"s":{"0":3},"f":{},"b":{},"_coverageSchema":"1a1c01bbd47fc00a2c39e90264f33305004495a9","hash":"84f82532a5e4ed434ae47df13b29997b656f276c"}
,"/home/matthew/TTT-PPT-GEN/ttt-ppt-gen-backend/src/schema/user.schema.ts": {"path":"/home/matthew/TTT-PPT-GEN/ttt-ppt-gen-backend/src/schema/user.schema.ts","statementMap":{"0":{"start":{"line":4,"column":19},"end":{"line":34,"column":2}},"1":{"start":{"line":13,"column":24},"end":{"line":17,"column":26}},"2":{"start":{"line":27,"column":16},"end":{"line":27,"column":61}}},"fnMap":{"0":{"name":"(anonymous_0)","decl":{"start":{"line":12,"column":20},"end":{"line":12,"column":21}},"loc":{"start":{"line":13,"column":24},"end":{"line":17,"column":26}},"line":13},"1":{"name":"(anonymous_1)","decl":{"start":{"line":26,"column":12},"end":{"line":26,"column":13}},"loc":{"start":{"line":26,"column":22},"end":{"line":28,"column":13}},"line":26}},"branchMap":{},"s":{"0":3,"1":5,"2":5},"f":{"0":5,"1":5},"b":{},"_coverageSchema":"1a1c01bbd47fc00a2c39e90264f33305004495a9","hash":"79a6ad55ced68d63a2a7d9e810cb4d5ff8b0541e"}
,"/home/matthew/TTT-PPT-GEN/ttt-ppt-gen-backend/src/service/template.service.ts": {"path":"/home/matthew/TTT-PPT-GEN/ttt-ppt-gen-backend/src/service/template.service.ts","statementMap":{"0":{"start":{"line":3,"column":24},"end":{"line":18,"column":1}},"1":{"start":{"line":4,"column":22},"end":{"line":16,"column":6}},"2":{"start":{"line":17,"column":4},"end":{"line":17,"column":20}},"3":{"start":{"line":20,"column":26},"end":{"line":30,"column":1}},"4":{"start":{"line":21,"column":21},"end":{"line":28,"column":6}},"5":{"start":{"line":29,"column":4},"end":{"line":29,"column":19}}},"fnMap":{"0":{"name":"(anonymous_0)","decl":{"start":{"line":3,"column":24},"end":{"line":3,"column":25}},"loc":{"start":{"line":3,"column":36},"end":{"line":18,"column":1}},"line":3},"1":{"name":"(anonymous_1)","decl":{"start":{"line":20,"column":26},"end":{"line":20,"column":27}},"loc":{"start":{"line":20,"column":56},"end":{"line":30,"column":1}},"line":20}},"branchMap":{},"s":{"0":3,"1":0,"2":0,"3":3,"4":1,"5":1},"f":{"0":0,"1":1},"b":{},"_coverageSchema":"1a1c01bbd47fc00a2c39e90264f33305004495a9","hash":"9aa8bfc37dae589f76d3078c4589579d9ac2b82d"}
,"/home/matthew/TTT-PPT-GEN/ttt-ppt-gen-backend/src/service/user.service.ts": {"path":"/home/matthew/TTT-PPT-GEN/ttt-ppt-gen-backend/src/service/user.service.ts","statementMap":{"0":{"start":{"line":5,"column":16},"end":{"line":11,"column":1}},"1":{"start":{"line":6,"column":4},"end":{"line":10,"column":6}},"2":{"start":{"line":13,"column":22},"end":{"line":25,"column":1}},"3":{"start":{"line":14,"column":21},"end":{"line":14,"column":55}},"4":{"start":{"line":16,"column":20},"end":{"line":21,"column":6}},"5":{"start":{"line":22,"column":4},"end":{"line":24,"column":5}}},"fnMap":{"0":{"name":"(anonymous_0)","decl":{"start":{"line":5,"column":16},"end":{"line":5,"column":17}},"loc":{"start":{"line":5,"column":59},"end":{"line":11,"column":1}},"line":5},"1":{"name":"(anonymous_1)","decl":{"start":{"line":13,"column":22},"end":{"line":13,"column":23}},"loc":{"start":{"line":13,"column":56},"end":{"line":25,"column":1}},"line":13}},"branchMap":{"0":{"loc":{"start":{"line":8,"column":19},"end":{"line":8,"column":66}},"type":"cond-expr","locations":[{"start":{"line":8,"column":47},"end":{"line":8,"column":52}},{"start":{"line":8,"column":55},"end":{"line":8,"column":66}}],"line":8}},"s":{"0":3,"1":0,"2":3,"3":0,"4":0,"5":0},"f":{"0":0,"1":0},"b":{"0":[0,0]},"_coverageSchema":"1a1c01bbd47fc00a2c39e90264f33305004495a9","hash":"e60afe7cf724b5efe990c2c65f06246c4e21fb41"}
,"/home/matthew/TTT-PPT-GEN/ttt-ppt-gen-backend/src/utils/errorFactory.ts": {"path":"/home/matthew/TTT-PPT-GEN/ttt-ppt-gen-backend/src/utils/errorFactory.ts","statementMap":{"0":{"start":{"line":1,"column":21},"end":{"line":7,"column":1}},"1":{"start":{"line":2,"column":4},"end":{"line":6,"column":5}}},"fnMap":{"0":{"name":"(anonymous_0)","decl":{"start":{"line":1,"column":21},"end":{"line":1,"column":22}},"loc":{"start":{"line":1,"column":79},"end":{"line":7,"column":1}},"line":1}},"branchMap":{},"s":{"0":3,"1":2},"f":{"0":2},"b":{},"_coverageSchema":"1a1c01bbd47fc00a2c39e90264f33305004495a9","hash":"2cb2bfc2bc25b825d562f6c8ba425c4f1393fc87"}
,"/home/matthew/TTT-PPT-GEN/ttt-ppt-gen-backend/src/utils/genPpt.ts": {"path":"/home/matthew/TTT-PPT-GEN/ttt-ppt-gen-backend/src/utils/genPpt.ts","statementMap":{"0":{"start":{"line":11,"column":18},"end":{"line":54,"column":1}},"1":{"start":{"line":63,"column":21},"end":{"line":68,"column":1}},"2":{"start":{"line":64,"column":4},"end":{"line":67,"column":5}},"3":{"start":{"line":70,"column":30},"end":{"line":83,"column":1}},"4":{"start":{"line":71,"column":4},"end":{"line":82,"column":6}},"5":{"start":{"line":72,"column":26},"end":{"line":76,"column":9}},"6":{"start":{"line":74,"column":16},"end":{"line":75,"column":61}},"7":{"start":{"line":77,"column":8},"end":{"line":81,"column":9}},"8":{"start":{"line":78,"column":12},"end":{"line":78,"column":24}},"9":{"start":{"line":80,"column":12},"end":{"line":80,"column":24}},"10":{"start":{"line":85,"column":21},"end":{"line":92,"column":1}},"11":{"start":{"line":86,"column":4},"end":{"line":90,"column":5}},"12":{"start":{"line":87,"column":8},"end":{"line":89,"column":9}},"13":{"start":{"line":88,"column":12},"end":{"line":88,"column":23}},"14":{"start":{"line":91,"column":4},"end":{"line":91,"column":16}},"15":{"start":{"line":100,"column":21},"end":{"line":116,"column":1}},"16":{"start":{"line":106,"column":17},"end":{"line":106,"column":79}},"17":{"start":{"line":107,"column":4},"end":{"line":112,"column":6}},"18":{"start":{"line":108,"column":19},"end":{"line":108,"column":42}},"19":{"start":{"line":109,"column":8},"end":{"line":111,"column":9}},"20":{"start":{"line":110,"column":12},"end":{"line":110,"column":74}},"21":{"start":{"line":113,"column":4},"end":{"line":115,"column":5}},"22":{"start":{"line":114,"column":8},"end":{"line":114,"column":36}},"23":{"start":{"line":118,"column":22},"end":{"line":127,"column":1}},"24":{"start":{"line":123,"column":4},"end":{"line":126,"column":6}},"25":{"start":{"line":124,"column":22},"end":{"line":124,"column":52}},"26":{"start":{"line":125,"column":8},"end":{"line":125,"column":65}},"27":{"start":{"line":129,"column":33},"end":{"line":147,"column":1}},"28":{"start":{"line":135,"column":29},"end":{"line":135,"column":71}},"29":{"start":{"line":135,"column":51},"end":{"line":135,"column":70}},"30":{"start":{"line":136,"column":4},"end":{"line":138,"column":5}},"31":{"start":{"line":137,"column":8},"end":{"line":137,"column":14}},"32":{"start":{"line":139,"column":25},"end":{"line":139,"column":60}},"33":{"start":{"line":141,"column":19},"end":{"line":143,"column":50}},"34":{"start":{"line":143,"column":23},"end":{"line":143,"column":49}},"35":{"start":{"line":144,"column":4},"end":{"line":144,"column":57}},"36":{"start":{"line":145,"column":4},"end":{"line":145,"column":36}},"37":{"start":{"line":146,"column":4},"end":{"line":146,"column":77}}},"fnMap":{"0":{"name":"(anonymous_0)","decl":{"start":{"line":63,"column":21},"end":{"line":63,"column":22}},"loc":{"start":{"line":63,"column":39},"end":{"line":68,"column":1}},"line":63},"1":{"name":"(anonymous_1)","decl":{"start":{"line":70,"column":30},"end":{"line":70,"column":31}},"loc":{"start":{"line":70,"column":51},"end":{"line":83,"column":1}},"line":70},"2":{"name":"(anonymous_2)","decl":{"start":{"line":71,"column":25},"end":{"line":71,"column":26}},"loc":{"start":{"line":71,"column":36},"end":{"line":82,"column":5}},"line":71},"3":{"name":"(anonymous_3)","decl":{"start":{"line":73,"column":12},"end":{"line":73,"column":13}},"loc":{"start":{"line":74,"column":16},"end":{"line":75,"column":61}},"line":74},"4":{"name":"(anonymous_4)","decl":{"start":{"line":85,"column":21},"end":{"line":85,"column":22}},"loc":{"start":{"line":85,"column":68},"end":{"line":92,"column":1}},"line":85},"5":{"name":"(anonymous_5)","decl":{"start":{"line":100,"column":21},"end":{"line":100,"column":22}},"loc":{"start":{"line":105,"column":5},"end":{"line":116,"column":1}},"line":105},"6":{"name":"(anonymous_6)","decl":{"start":{"line":107,"column":17},"end":{"line":107,"column":18}},"loc":{"start":{"line":107,"column":26},"end":{"line":112,"column":5}},"line":107},"7":{"name":"(anonymous_7)","decl":{"start":{"line":118,"column":22},"end":{"line":118,"column":23}},"loc":{"start":{"line":122,"column":5},"end":{"line":127,"column":1}},"line":122},"8":{"name":"(anonymous_8)","decl":{"start":{"line":123,"column":19},"end":{"line":123,"column":20}},"loc":{"start":{"line":123,"column":37},"end":{"line":126,"column":5}},"line":123},"9":{"name":"(anonymous_9)","decl":{"start":{"line":129,"column":33},"end":{"line":129,"column":34}},"loc":{"start":{"line":134,"column":5},"end":{"line":147,"column":1}},"line":134},"10":{"name":"(anonymous_10)","decl":{"start":{"line":135,"column":44},"end":{"line":135,"column":45}},"loc":{"start":{"line":135,"column":51},"end":{"line":135,"column":70}},"line":135},"11":{"name":"(anonymous_11)","decl":{"start":{"line":143,"column":14},"end":{"line":143,"column":15}},"loc":{"start":{"line":143,"column":23},"end":{"line":143,"column":49}},"line":143}},"branchMap":{"0":{"loc":{"start":{"line":74,"column":16},"end":{"line":75,"column":61}},"type":"binary-expr","locations":[{"start":{"line":74,"column":16},"end":{"line":74,"column":64}},{"start":{"line":75,"column":16},"end":{"line":75,"column":61}}],"line":74},"1":{"loc":{"start":{"line":77,"column":8},"end":{"line":81,"column":9}},"type":"if","locations":[{"start":{"line":77,"column":8},"end":{"line":81,"column":9}},{"start":{"line":79,"column":15},"end":{"line":81,"column":9}}],"line":77},"2":{"loc":{"start":{"line":87,"column":8},"end":{"line":89,"column":9}},"type":"if","locations":[{"start":{"line":87,"column":8},"end":{"line":89,"column":9}},{"start":{},"end":{}}],"line":87},"3":{"loc":{"start":{"line":109,"column":8},"end":{"line":111,"column":9}},"type":"if","locations":[{"start":{"line":109,"column":8},"end":{"line":111,"column":9}},{"start":{},"end":{}}],"line":109},"4":{"loc":{"start":{"line":113,"column":4},"end":{"line":115,"column":5}},"type":"if","locations":[{"start":{"line":113,"column":4},"end":{"line":115,"column":5}},{"start":{},"end":{}}],"line":113},"5":{"loc":{"start":{"line":136,"column":4},"end":{"line":138,"column":5}},"type":"if","locations":[{"start":{"line":136,"column":4},"end":{"line":138,"column":5}},{"start":{},"end":{}}],"line":136}},"s":{"0":3,"1":3,"2":0,"3":3,"4":0,"5":0,"6":0,"7":0,"8":0,"9":0,"10":3,"11":0,"12":0,"13":0,"14":0,"15":3,"16":0,"17":0,"18":0,"19":0,"20":0,"21":0,"22":0,"23":3,"24":0,"25":0,"26":0,"27":3,"28":1,"29":5,"30":1,"31":1,"32":0,"33":0,"34":0,"35":0,"36":0,"37":0},"f":{"0":0,"1":0,"2":0,"3":0,"4":0,"5":0,"6":0,"7":0,"8":0,"9":1,"10":5,"11":0},"b":{"0":[0,0],"1":[0,0],"2":[0,0],"3":[0,0],"4":[0,0],"5":[1,0]},"_coverageSchema":"1a1c01bbd47fc00a2c39e90264f33305004495a9","hash":"6550afdc374adf14856f1e87d6ae602251ab242f"}
,"/home/matthew/TTT-PPT-GEN/ttt-ppt-gen-backend/src/utils/getTokenFromHeader.ts": {"path":"/home/matthew/TTT-PPT-GEN/ttt-ppt-gen-backend/src/utils/getTokenFromHeader.ts","statementMap":{"0":{"start":{"line":1,"column":27},"end":{"line":3,"column":1}},"1":{"start":{"line":2,"column":4},"end":{"line":2,"column":42}}},"fnMap":{"0":{"name":"(anonymous_0)","decl":{"start":{"line":1,"column":27},"end":{"line":1,"column":28}},"loc":{"start":{"line":1,"column":47},"end":{"line":3,"column":1}},"line":1}},"branchMap":{},"s":{"0":4,"1":4},"f":{"0":4},"b":{},"_coverageSchema":"1a1c01bbd47fc00a2c39e90264f33305004495a9","hash":"e4d80e742d5b024f3a968278d7e74f55b7f629ac"}
,"/home/matthew/TTT-PPT-GEN/ttt-ppt-gen-backend/src/utils/hashPassword.ts": {"path":"/home/matthew/TTT-PPT-GEN/ttt-ppt-gen-backend/src/utils/hashPassword.ts","statementMap":{"0":{"start":{"line":5,"column":21},"end":{"line":8,"column":1}},"1":{"start":{"line":6,"column":23},"end":{"line":6,"column":75}},"2":{"start":{"line":7,"column":4},"end":{"line":7,"column":21}}},"fnMap":{"0":{"name":"(anonymous_0)","decl":{"start":{"line":5,"column":21},"end":{"line":5,"column":22}},"loc":{"start":{"line":5,"column":54},"end":{"line":8,"column":1}},"line":5}},"branchMap":{},"s":{"0":3,"1":0,"2":0},"f":{"0":0},"b":{},"_coverageSchema":"1a1c01bbd47fc00a2c39e90264f33305004495a9","hash":"ec3efe9b3ae57337f0b0bde93cfd699be48ae795"}
,"/home/matthew/TTT-PPT-GEN/ttt-ppt-gen-backend/src/utils/jwt.ts": {"path":"/home/matthew/TTT-PPT-GEN/ttt-ppt-gen-backend/src/utils/jwt.ts","statementMap":{"0":{"start":{"line":5,"column":4},"end":{"line":7,"column":6}},"1":{"start":{"line":11,"column":4},"end":{"line":24,"column":5}},"2":{"start":{"line":12,"column":31},"end":{"line":12,"column":69}},"3":{"start":{"line":13,"column":8},"end":{"line":17,"column":9}},"4":{"start":{"line":19,"column":8},"end":{"line":23,"column":9}}},"fnMap":{"0":{"name":"signJwt","decl":{"start":{"line":4,"column":16},"end":{"line":4,"column":23}},"loc":{"start":{"line":4,"column":79},"end":{"line":8,"column":1}},"line":4},"1":{"name":"verifyJwt","decl":{"start":{"line":10,"column":16},"end":{"line":10,"column":25}},"loc":{"start":{"line":10,"column":41},"end":{"line":25,"column":1}},"line":10}},"branchMap":{"0":{"loc":{"start":{"line":6,"column":12},"end":{"line":6,"column":30}},"type":"binary-expr","locations":[{"start":{"line":6,"column":12},"end":{"line":6,"column":19}},{"start":{"line":6,"column":23},"end":{"line":6,"column":30}}],"line":6}},"s":{"0":2,"1":0,"2":0,"3":0,"4":0},"f":{"0":2,"1":0},"b":{"0":[2,2]},"_coverageSchema":"1a1c01bbd47fc00a2c39e90264f33305004495a9","hash":"f76b5130480ff31af2a0988a00171ccbcb5d1930"}
,"/home/matthew/TTT-PPT-GEN/ttt-ppt-gen-backend/src/utils/passCompare.ts": {"path":"/home/matthew/TTT-PPT-GEN/ttt-ppt-gen-backend/src/utils/passCompare.ts","statementMap":{"0":{"start":{"line":3,"column":20},"end":{"line":14,"column":1}},"1":{"start":{"line":4,"column":4},"end":{"line":13,"column":5}},"2":{"start":{"line":5,"column":22},"end":{"line":5,"column":52}},"3":{"start":{"line":6,"column":8},"end":{"line":10,"column":9}},"4":{"start":{"line":7,"column":12},"end":{"line":7,"column":23}},"5":{"start":{"line":9,"column":12},"end":{"line":9,"column":24}},"6":{"start":{"line":12,"column":8},"end":{"line":12,"column":20}}},"fnMap":{"0":{"name":"(anonymous_0)","decl":{"start":{"line":3,"column":20},"end":{"line":3,"column":21}},"loc":{"start":{"line":3,"column":63},"end":{"line":14,"column":1}},"line":3}},"branchMap":{"0":{"loc":{"start":{"line":6,"column":8},"end":{"line":10,"column":9}},"type":"if","locations":[{"start":{"line":6,"column":8},"end":{"line":10,"column":9}},{"start":{"line":8,"column":15},"end":{"line":10,"column":9}}],"line":6}},"s":{"0":1,"1":0,"2":0,"3":0,"4":0,"5":0,"6":0},"f":{"0":0},"b":{"0":[0,0]},"_coverageSchema":"1a1c01bbd47fc00a2c39e90264f33305004495a9","hash":"5df5304fb6c19fe1c2788850aafc4085ce64f138"}
}
