{"/home/matthew/TTT-PPT-GEN/ttt-ppt-gen-backend/src/index.ts": {"path":"/home/matthew/TTT-PPT-GEN/ttt-ppt-gen-backend/src/index.ts","statementMap":{"0":{"start":{"line":4,"column":37},"end":{"line":4,"column":54}}},"fnMap":{},"branchMap":{},"s":{"0":4},"f":{},"b":{},"_coverageSchema":"1a1c01bbd47fc00a2c39e90264f33305004495a9","hash":"dd949321a3c7024ed64b305dfde3cec72df171ee"}
,"/home/matthew/TTT-PPT-GEN/ttt-ppt-gen-backend/src/makeApp.ts": {"path":"/home/matthew/TTT-PPT-GEN/ttt-ppt-gen-backend/src/makeApp.ts","statementMap":{"0":{"start":{"line":8,"column":16},"end":{"line":25,"column":1}},"1":{"start":{"line":9,"column":16},"end":{"line":9,"column":25}},"2":{"start":{"line":10,"column":4},"end":{"line":10,"column":24}},"3":{"start":{"line":12,"column":19},"end":{"line":12,"column":41}},"4":{"start":{"line":13,"column":17},"end":{"line":13,"column":49}},"5":{"start":{"line":14,"column":4},"end":{"line":16,"column":6}},"6":{"start":{"line":15,"column":8},"end":{"line":15,"column":50}},"7":{"start":{"line":18,"column":4},"end":{"line":18,"column":18}},"8":{"start":{"line":20,"column":4},"end":{"line":24,"column":5}}},"fnMap":{"0":{"name":"(anonymous_0)","decl":{"start":{"line":8,"column":16},"end":{"line":8,"column":17}},"loc":{"start":{"line":8,"column":50},"end":{"line":25,"column":1}},"line":8},"1":{"name":"(anonymous_1)","decl":{"start":{"line":14,"column":35},"end":{"line":14,"column":36}},"loc":{"start":{"line":14,"column":41},"end":{"line":16,"column":5}},"line":14}},"branchMap":{"0":{"loc":{"start":{"line":13,"column":17},"end":{"line":13,"column":49}},"type":"binary-expr","locations":[{"start":{"line":13,"column":17},"end":{"line":13,"column":41}},{"start":{"line":13,"column":45},"end":{"line":13,"column":49}}],"line":13}},"s":{"0":4,"1":4,"2":4,"3":4,"4":4,"5":4,"6":0,"7":4,"8":4},"f":{"0":4,"1":0},"b":{"0":[4,0]},"_coverageSchema":"1a1c01bbd47fc00a2c39e90264f33305004495a9","hash":"e0f89f15eb71ff6e541aeaba88b7718c8bfe9962"}
,"/home/matthew/TTT-PPT-GEN/ttt-ppt-gen-backend/src/appConfig/applyMiddleware.ts": {"path":"/home/matthew/TTT-PPT-GEN/ttt-ppt-gen-backend/src/appConfig/applyMiddleware.ts","statementMap":{"0":{"start":{"line":6,"column":24},"end":{"line":14,"column":1}},"1":{"start":{"line":7,"column":4},"end":{"line":7,"column":27}},"2":{"start":{"line":8,"column":4},"end":{"line":12,"column":5}},"3":{"start":{"line":13,"column":4},"end":{"line":13,"column":14}}},"fnMap":{"0":{"name":"(anonymous_0)","decl":{"start":{"line":6,"column":24},"end":{"line":6,"column":25}},"loc":{"start":{"line":6,"column":46},"end":{"line":14,"column":1}},"line":6}},"branchMap":{},"s":{"0":4,"1":4,"2":4,"3":4},"f":{"0":4},"b":{},"_coverageSchema":"1a1c01bbd47fc00a2c39e90264f33305004495a9","hash":"d16ee7e4176f9139a34a443bac9ff5bcbe1c9b40"}
,"/home/matthew/TTT-PPT-GEN/ttt-ppt-gen-backend/src/appConfig/env.ts": {"path":"/home/matthew/TTT-PPT-GEN/ttt-ppt-gen-backend/src/appConfig/env.ts","statementMap":{"0":{"start":{"line":2,"column":0},"end":{"line":2,"column":15}},"1":{"start":{"line":4,"column":21},"end":{"line":9,"column":1}},"2":{"start":{"line":11,"column":23},"end":{"line":19,"column":1}},"3":{"start":{"line":12,"column":26},"end":{"line":14,"column":5}},"4":{"start":{"line":13,"column":17},"end":{"line":13,"column":45}},"5":{"start":{"line":15,"column":4},"end":{"line":17,"column":5}},"6":{"start":{"line":16,"column":8},"end":{"line":16,"column":78}},"7":{"start":{"line":18,"column":4},"end":{"line":18,"column":14}},"8":{"start":{"line":21,"column":15},"end":{"line":21,"column":36}}},"fnMap":{"0":{"name":"(anonymous_0)","decl":{"start":{"line":11,"column":23},"end":{"line":11,"column":24}},"loc":{"start":{"line":11,"column":56},"end":{"line":19,"column":1}},"line":11},"1":{"name":"(anonymous_1)","decl":{"start":{"line":13,"column":8},"end":{"line":13,"column":9}},"loc":{"start":{"line":13,"column":17},"end":{"line":13,"column":45}},"line":13}},"branchMap":{"0":{"loc":{"start":{"line":13,"column":17},"end":{"line":13,"column":45}},"type":"binary-expr","locations":[{"start":{"line":13,"column":17},"end":{"line":13,"column":37}},{"start":{"line":13,"column":41},"end":{"line":13,"column":45}}],"line":13},"1":{"loc":{"start":{"line":15,"column":4},"end":{"line":17,"column":5}},"type":"if","locations":[{"start":{"line":15,"column":4},"end":{"line":17,"column":5}},{"start":{},"end":{}}],"line":15}},"s":{"0":5,"1":5,"2":5,"3":6,"4":21,"5":6,"6":1,"7":5,"8":5},"f":{"0":6,"1":21},"b":{"0":[21,20],"1":[1,5]},"_coverageSchema":"1a1c01bbd47fc00a2c39e90264f33305004495a9","hash":"fad37495a2ae7a11e2f6a53f5d38dd8229efa56b"}
,"/home/matthew/TTT-PPT-GEN/ttt-ppt-gen-backend/src/controller/session.controller.ts": {"path":"/home/matthew/TTT-PPT-GEN/ttt-ppt-gen-backend/src/controller/session.controller.ts","statementMap":{"0":{"start":{"line":5,"column":25},"end":{"line":20,"column":1}},"1":{"start":{"line":16,"column":4},"end":{"line":18,"column":5}},"2":{"start":{"line":17,"column":8},"end":{"line":17,"column":53}},"3":{"start":{"line":19,"column":4},"end":{"line":19,"column":48}},"4":{"start":{"line":22,"column":28},"end":{"line":34,"column":1}},"5":{"start":{"line":26,"column":17},"end":{"line":26,"column":27}},"6":{"start":{"line":27,"column":16},"end":{"line":29,"column":6}},"7":{"start":{"line":30,"column":4},"end":{"line":33,"column":6}}},"fnMap":{"0":{"name":"(anonymous_0)","decl":{"start":{"line":5,"column":25},"end":{"line":5,"column":26}},"loc":{"start":{"line":15,"column":5},"end":{"line":20,"column":1}},"line":15},"1":{"name":"(anonymous_1)","decl":{"start":{"line":22,"column":28},"end":{"line":22,"column":29}},"loc":{"start":{"line":25,"column":5},"end":{"line":34,"column":1}},"line":25}},"branchMap":{"0":{"loc":{"start":{"line":16,"column":4},"end":{"line":18,"column":5}},"type":"if","locations":[{"start":{"line":16,"column":4},"end":{"line":18,"column":5}},{"start":{},"end":{}}],"line":16}},"s":{"0":4,"1":2,"2":0,"3":2,"4":4,"5":1,"6":1,"7":1},"f":{"0":2,"1":1},"b":{"0":[0,2]},"_coverageSchema":"1a1c01bbd47fc00a2c39e90264f33305004495a9","hash":"e9f7ab65cadfc55522f9e53dfbff38dd5c2688d3"}
,"/home/matthew/TTT-PPT-GEN/ttt-ppt-gen-backend/src/controller/slides.controller.ts": {"path":"/home/matthew/TTT-PPT-GEN/ttt-ppt-gen-backend/src/controller/slides.controller.ts","statementMap":{"0":{"start":{"line":5,"column":26},"end":{"line":12,"column":1}},"1":{"start":{"line":9,"column":18},"end":{"line":9,"column":26}},"2":{"start":{"line":10,"column":4},"end":{"line":10,"column":54}},"3":{"start":{"line":11,"column":4},"end":{"line":11,"column":37}}},"fnMap":{"0":{"name":"(anonymous_0)","decl":{"start":{"line":5,"column":26},"end":{"line":5,"column":27}},"loc":{"start":{"line":8,"column":5},"end":{"line":12,"column":1}},"line":8}},"branchMap":{},"s":{"0":4,"1":0,"2":0,"3":0},"f":{"0":0},"b":{},"_coverageSchema":"1a1c01bbd47fc00a2c39e90264f33305004495a9","hash":"df5f8b8b67688c0af83e386eb215acc181c9390b"}
,"/home/matthew/TTT-PPT-GEN/ttt-ppt-gen-backend/src/controller/template.controller.ts": {"path":"/home/matthew/TTT-PPT-GEN/ttt-ppt-gen-backend/src/controller/template.controller.ts","statementMap":{"0":{"start":{"line":17,"column":30},"end":{"line":23,"column":1}},"1":{"start":{"line":18,"column":22},"end":{"line":18,"column":64}},"2":{"start":{"line":19,"column":4},"end":{"line":21,"column":5}},"3":{"start":{"line":20,"column":8},"end":{"line":20,"column":36}},"4":{"start":{"line":22,"column":4},"end":{"line":22,"column":35}},"5":{"start":{"line":25,"column":29},"end":{"line":34,"column":1}},"6":{"start":{"line":29,"column":42},"end":{"line":29,"column":50}},"7":{"start":{"line":31,"column":4},"end":{"line":31,"column":54}},"8":{"start":{"line":32,"column":21},"end":{"line":32,"column":64}},"9":{"start":{"line":33,"column":4},"end":{"line":33,"column":38}},"10":{"start":{"line":36,"column":34},"end":{"line":46,"column":1}},"11":{"start":{"line":40,"column":4},"end":{"line":40,"column":35}},"12":{"start":{"line":41,"column":26},"end":{"line":43,"column":6}},"13":{"start":{"line":44,"column":4},"end":{"line":44,"column":30}},"14":{"start":{"line":45,"column":4},"end":{"line":45,"column":46}},"15":{"start":{"line":48,"column":33},"end":{"line":61,"column":1}},"16":{"start":{"line":52,"column":27},"end":{"line":52,"column":42}},"17":{"start":{"line":53,"column":48},"end":{"line":53,"column":56}},"18":{"start":{"line":54,"column":28},"end":{"line":59,"column":6}},"19":{"start":{"line":60,"column":4},"end":{"line":60,"column":33}},"20":{"start":{"line":63,"column":30},"end":{"line":70,"column":1}},"21":{"start":{"line":67,"column":18},"end":{"line":67,"column":28}},"22":{"start":{"line":68,"column":25},"end":{"line":68,"column":72}},"23":{"start":{"line":69,"column":4},"end":{"line":69,"column":33}},"24":{"start":{"line":72,"column":36},"end":{"line":80,"column":1}},"25":{"start":{"line":76,"column":18},"end":{"line":76,"column":28}},"26":{"start":{"line":78,"column":8},"end":{"line":78,"column":68}},"27":{"start":{"line":79,"column":4},"end":{"line":79,"column":51}},"28":{"start":{"line":82,"column":33},"end":{"line":92,"column":1}},"29":{"start":{"line":86,"column":18},"end":{"line":86,"column":26}},"30":{"start":{"line":87,"column":4},"end":{"line":87,"column":54}},"31":{"start":{"line":88,"column":4},"end":{"line":91,"column":6}}},"fnMap":{"0":{"name":"(anonymous_0)","decl":{"start":{"line":17,"column":30},"end":{"line":17,"column":31}},"loc":{"start":{"line":17,"column":69},"end":{"line":23,"column":1}},"line":17},"1":{"name":"(anonymous_1)","decl":{"start":{"line":25,"column":29},"end":{"line":25,"column":30}},"loc":{"start":{"line":28,"column":5},"end":{"line":34,"column":1}},"line":28},"2":{"name":"(anonymous_2)","decl":{"start":{"line":36,"column":34},"end":{"line":36,"column":35}},"loc":{"start":{"line":39,"column":5},"end":{"line":46,"column":1}},"line":39},"3":{"name":"(anonymous_3)","decl":{"start":{"line":48,"column":33},"end":{"line":48,"column":34}},"loc":{"start":{"line":51,"column":5},"end":{"line":61,"column":1}},"line":51},"4":{"name":"(anonymous_4)","decl":{"start":{"line":63,"column":30},"end":{"line":63,"column":31}},"loc":{"start":{"line":66,"column":5},"end":{"line":70,"column":1}},"line":66},"5":{"name":"(anonymous_5)","decl":{"start":{"line":72,"column":36},"end":{"line":72,"column":37}},"loc":{"start":{"line":75,"column":5},"end":{"line":80,"column":1}},"line":75},"6":{"name":"(anonymous_6)","decl":{"start":{"line":82,"column":33},"end":{"line":82,"column":34}},"loc":{"start":{"line":85,"column":5},"end":{"line":92,"column":1}},"line":85}},"branchMap":{"0":{"loc":{"start":{"line":19,"column":4},"end":{"line":21,"column":5}},"type":"if","locations":[{"start":{"line":19,"column":4},"end":{"line":21,"column":5}},{"start":{},"end":{}}],"line":19}},"s":{"0":4,"1":0,"2":0,"3":0,"4":0,"5":4,"6":1,"7":1,"8":1,"9":1,"10":4,"11":3,"12":3,"13":3,"14":3,"15":4,"16":1,"17":1,"18":1,"19":1,"20":4,"21":0,"22":0,"23":0,"24":4,"25":0,"26":0,"27":0,"28":4,"29":2,"30":2,"31":2},"f":{"0":0,"1":1,"2":3,"3":1,"4":0,"5":0,"6":2},"b":{"0":[0,0]},"_coverageSchema":"1a1c01bbd47fc00a2c39e90264f33305004495a9","hash":"2ac866e20f762bbd74c485096e26c0b82f1c3079"}
,"/home/matthew/TTT-PPT-GEN/ttt-ppt-gen-backend/src/controller/user.controller.ts": {"path":"/home/matthew/TTT-PPT-GEN/ttt-ppt-gen-backend/src/controller/user.controller.ts","statementMap":{"0":{"start":{"line":8,"column":25},"end":{"line":28,"column":1}},"1":{"start":{"line":12,"column":20},"end":{"line":12,"column":59}},"2":{"start":{"line":13,"column":4},"end":{"line":20,"column":5}},"3":{"start":{"line":14,"column":22},"end":{"line":18,"column":9}},"4":{"start":{"line":19,"column":8},"end":{"line":19,"column":42}},"5":{"start":{"line":21,"column":16},"end":{"line":23,"column":6}},"6":{"start":{"line":24,"column":4},"end":{"line":27,"column":6}}},"fnMap":{"0":{"name":"(anonymous_0)","decl":{"start":{"line":8,"column":25},"end":{"line":8,"column":26}},"loc":{"start":{"line":11,"column":5},"end":{"line":28,"column":1}},"line":11}},"branchMap":{"0":{"loc":{"start":{"line":13,"column":4},"end":{"line":20,"column":5}},"type":"if","locations":[{"start":{"line":13,"column":4},"end":{"line":20,"column":5}},{"start":{},"end":{}}],"line":13}},"s":{"0":4,"1":3,"2":3,"3":1,"4":1,"5":2,"6":2},"f":{"0":3},"b":{"0":[1,2]},"_coverageSchema":"1a1c01bbd47fc00a2c39e90264f33305004495a9","hash":"e32cbecbc110ba7179b4367835ef81128df4aaa0"}
,"/home/matthew/TTT-PPT-GEN/ttt-ppt-gen-backend/src/db/database.ts": {"path":"/home/matthew/TTT-PPT-GEN/ttt-ppt-gen-backend/src/db/database.ts","statementMap":{"0":{"start":{"line":22,"column":17},"end":{"line":80,"column":1}},"1":{"start":{"line":25,"column":31},"end":{"line":25,"column":58}},"2":{"start":{"line":26,"column":12},"end":{"line":28,"column":13}},"3":{"start":{"line":27,"column":16},"end":{"line":27,"column":28}},"4":{"start":{"line":29,"column":25},"end":{"line":29,"column":53}},"5":{"start":{"line":30,"column":12},"end":{"line":30,"column":23}},"6":{"start":{"line":33,"column":25},"end":{"line":33,"column":52}},"7":{"start":{"line":34,"column":12},"end":{"line":36,"column":13}},"8":{"start":{"line":35,"column":16},"end":{"line":35,"column":28}},"9":{"start":{"line":37,"column":12},"end":{"line":37,"column":23}},"10":{"start":{"line":42,"column":32},"end":{"line":42,"column":62}},"11":{"start":{"line":43,"column":30},"end":{"line":43,"column":61}},"12":{"start":{"line":44,"column":12},"end":{"line":44,"column":28}},"13":{"start":{"line":47,"column":29},"end":{"line":47,"column":65}},"14":{"start":{"line":48,"column":12},"end":{"line":48,"column":27}},"15":{"start":{"line":51,"column":36},"end":{"line":51,"column":75}},"16":{"start":{"line":52,"column":34},"end":{"line":52,"column":73}},"17":{"start":{"line":53,"column":12},"end":{"line":53,"column":32}},"18":{"start":{"line":56,"column":33},"end":{"line":56,"column":69}},"19":{"start":{"line":57,"column":12},"end":{"line":57,"column":31}},"20":{"start":{"line":60,"column":33},"end":{"line":60,"column":68}},"21":{"start":{"line":61,"column":12},"end":{"line":61,"column":31}},"22":{"start":{"line":64,"column":12},"end":{"line":64,"column":57}},"23":{"start":{"line":68,"column":45},"end":{"line":70,"column":17}},"24":{"start":{"line":72,"column":20},"end":{"line":72,"column":66}},"25":{"start":{"line":73,"column":16},"end":{"line":73,"column":41}},"26":{"start":{"line":76,"column":16},"end":{"line":76,"column":54}}},"fnMap":{"0":{"name":"(anonymous_0)","decl":{"start":{"line":24,"column":8},"end":{"line":24,"column":9}},"loc":{"start":{"line":24,"column":45},"end":{"line":31,"column":9}},"line":24},"1":{"name":"(anonymous_1)","decl":{"start":{"line":32,"column":8},"end":{"line":32,"column":9}},"loc":{"start":{"line":32,"column":37},"end":{"line":38,"column":9}},"line":32},"2":{"name":"(anonymous_2)","decl":{"start":{"line":41,"column":8},"end":{"line":41,"column":9}},"loc":{"start":{"line":41,"column":53},"end":{"line":45,"column":9}},"line":41},"3":{"name":"(anonymous_3)","decl":{"start":{"line":46,"column":8},"end":{"line":46,"column":9}},"loc":{"start":{"line":46,"column":46},"end":{"line":49,"column":9}},"line":46},"4":{"name":"(anonymous_4)","decl":{"start":{"line":50,"column":8},"end":{"line":50,"column":9}},"loc":{"start":{"line":50,"column":67},"end":{"line":54,"column":9}},"line":50},"5":{"name":"(anonymous_5)","decl":{"start":{"line":55,"column":8},"end":{"line":55,"column":9}},"loc":{"start":{"line":55,"column":61},"end":{"line":58,"column":9}},"line":55},"6":{"name":"(anonymous_6)","decl":{"start":{"line":59,"column":8},"end":{"line":59,"column":9}},"loc":{"start":{"line":59,"column":60},"end":{"line":62,"column":9}},"line":59},"7":{"name":"(anonymous_7)","decl":{"start":{"line":63,"column":8},"end":{"line":63,"column":9}},"loc":{"start":{"line":63,"column":71},"end":{"line":65,"column":9}},"line":63},"8":{"name":"(anonymous_8)","decl":{"start":{"line":67,"column":12},"end":{"line":67,"column":13}},"loc":{"start":{"line":67,"column":70},"end":{"line":74,"column":13}},"line":67},"9":{"name":"(anonymous_9)","decl":{"start":{"line":75,"column":12},"end":{"line":75,"column":13}},"loc":{"start":{"line":75,"column":61},"end":{"line":77,"column":13}},"line":75}},"branchMap":{"0":{"loc":{"start":{"line":26,"column":12},"end":{"line":28,"column":13}},"type":"if","locations":[{"start":{"line":26,"column":12},"end":{"line":28,"column":13}},{"start":{},"end":{}}],"line":26},"1":{"loc":{"start":{"line":34,"column":12},"end":{"line":36,"column":13}},"type":"if","locations":[{"start":{"line":34,"column":12},"end":{"line":36,"column":13}},{"start":{},"end":{}}],"line":34}},"s":{"0":4,"1":3,"2":3,"3":1,"4":2,"5":2,"6":1,"7":1,"8":0,"9":1,"10":0,"11":0,"12":0,"13":1,"14":1,"15":3,"16":3,"17":3,"18":1,"19":1,"20":0,"21":0,"22":2,"23":0,"24":0,"25":0,"26":0},"f":{"0":3,"1":1,"2":0,"3":1,"4":3,"5":1,"6":0,"7":2,"8":0,"9":0},"b":{"0":[1,2],"1":[0,1]},"_coverageSchema":"1a1c01bbd47fc00a2c39e90264f33305004495a9","hash":"93569ff9d9a7ab0d4ea86047a14506bc81fca7cb"}
,"/home/matthew/TTT-PPT-GEN/ttt-ppt-gen-backend/src/db/prisma.ts": {"path":"/home/matthew/TTT-PPT-GEN/ttt-ppt-gen-backend/src/db/prisma.ts","statementMap":{"0":{"start":{"line":3,"column":21},"end":{"line":3,"column":39}}},"fnMap":{},"branchMap":{},"s":{"0":4},"f":{},"b":{},"_coverageSchema":"1a1c01bbd47fc00a2c39e90264f33305004495a9","hash":"e49359d12f9a5061d011dfc3baa7732ff230b2df"}
,"/home/matthew/TTT-PPT-GEN/ttt-ppt-gen-backend/src/formatResponse/formatAllTemplates.ts": {"path":"/home/matthew/TTT-PPT-GEN/ttt-ppt-gen-backend/src/formatResponse/formatAllTemplates.ts","statementMap":{"0":{"start":{"line":8,"column":27},"end":{"line":30,"column":1}},"1":{"start":{"line":17,"column":4},"end":{"line":29,"column":34}},"2":{"start":{"line":19,"column":12},"end":{"line":27,"column":13}},"3":{"start":{"line":25,"column":31},"end":{"line":25,"column":47}},"4":{"start":{"line":29,"column":23},"end":{"line":29,"column":33}}},"fnMap":{"0":{"name":"(anonymous_0)","decl":{"start":{"line":8,"column":27},"end":{"line":8,"column":28}},"loc":{"start":{"line":16,"column":5},"end":{"line":30,"column":1}},"line":16},"1":{"name":"(anonymous_1)","decl":{"start":{"line":18,"column":13},"end":{"line":18,"column":14}},"loc":{"start":{"line":18,"column":70},"end":{"line":28,"column":9}},"line":18},"2":{"name":"(anonymous_2)","decl":{"start":{"line":25,"column":20},"end":{"line":25,"column":21}},"loc":{"start":{"line":25,"column":31},"end":{"line":25,"column":47}},"line":25},"3":{"name":"(anonymous_3)","decl":{"start":{"line":29,"column":16},"end":{"line":29,"column":17}},"loc":{"start":{"line":29,"column":23},"end":{"line":29,"column":33}},"line":29}},"branchMap":{},"s":{"0":4,"1":0,"2":0,"3":0,"4":0},"f":{"0":0,"1":0,"2":0,"3":0},"b":{},"_coverageSchema":"1a1c01bbd47fc00a2c39e90264f33305004495a9","hash":"9adf1d8e6507952dfe31e1eb3f92ecb094c843c4"}
,"/home/matthew/TTT-PPT-GEN/ttt-ppt-gen-backend/src/formatResponse/formatAllUserTemplates.ts": {"path":"/home/matthew/TTT-PPT-GEN/ttt-ppt-gen-backend/src/formatResponse/formatAllUserTemplates.ts","statementMap":{"0":{"start":{"line":3,"column":31},"end":{"line":32,"column":1}},"1":{"start":{"line":18,"column":4},"end":{"line":31,"column":6}},"2":{"start":{"line":19,"column":8},"end":{"line":30,"column":9}}},"fnMap":{"0":{"name":"(anonymous_0)","decl":{"start":{"line":3,"column":31},"end":{"line":3,"column":32}},"loc":{"start":{"line":17,"column":29},"end":{"line":32,"column":1}},"line":17},"1":{"name":"(anonymous_1)","decl":{"start":{"line":18,"column":26},"end":{"line":18,"column":27}},"loc":{"start":{"line":18,"column":40},"end":{"line":31,"column":5}},"line":18}},"branchMap":{},"s":{"0":4,"1":3,"2":29},"f":{"0":3,"1":29},"b":{},"_coverageSchema":"1a1c01bbd47fc00a2c39e90264f33305004495a9","hash":"0e7ec08e2b2b8ba7d2726559229dc0fba2687839"}
,"/home/matthew/TTT-PPT-GEN/ttt-ppt-gen-backend/src/formatResponse/formatUserTemplateSlides.ts": {"path":"/home/matthew/TTT-PPT-GEN/ttt-ppt-gen-backend/src/formatResponse/formatUserTemplateSlides.ts","statementMap":{"0":{"start":{"line":20,"column":33},"end":{"line":42,"column":1}},"1":{"start":{"line":27,"column":4},"end":{"line":41,"column":6}},"2":{"start":{"line":28,"column":8},"end":{"line":40,"column":9}},"3":{"start":{"line":32,"column":16},"end":{"line":37,"column":17}}},"fnMap":{"0":{"name":"(anonymous_0)","decl":{"start":{"line":20,"column":33},"end":{"line":20,"column":34}},"loc":{"start":{"line":26,"column":22},"end":{"line":42,"column":1}},"line":26},"1":{"name":"(anonymous_1)","decl":{"start":{"line":27,"column":22},"end":{"line":27,"column":23}},"loc":{"start":{"line":27,"column":33},"end":{"line":41,"column":5}},"line":27},"2":{"name":"(anonymous_2)","decl":{"start":{"line":31,"column":51},"end":{"line":31,"column":52}},"loc":{"start":{"line":31,"column":62},"end":{"line":38,"column":13}},"line":31}},"branchMap":{},"s":{"0":4,"1":0,"2":0,"3":0},"f":{"0":0,"1":0,"2":0},"b":{},"_coverageSchema":"1a1c01bbd47fc00a2c39e90264f33305004495a9","hash":"63648d1c91e52d9052c60ecf8b07419f4cb75b68"}
,"/home/matthew/TTT-PPT-GEN/ttt-ppt-gen-backend/src/middleware/deserializeUser.ts": {"path":"/home/matthew/TTT-PPT-GEN/ttt-ppt-gen-backend/src/middleware/deserializeUser.ts","statementMap":{"0":{"start":{"line":6,"column":24},"end":{"line":24,"column":1}},"1":{"start":{"line":11,"column":4},"end":{"line":14,"column":5}},"2":{"start":{"line":12,"column":8},"end":{"line":12,"column":40}},"3":{"start":{"line":13,"column":8},"end":{"line":13,"column":62}},"4":{"start":{"line":15,"column":24},"end":{"line":15,"column":69}},"5":{"start":{"line":16,"column":30},"end":{"line":16,"column":58}},"6":{"start":{"line":17,"column":4},"end":{"line":21,"column":5}},"7":{"start":{"line":18,"column":8},"end":{"line":18,"column":38}},"8":{"start":{"line":20,"column":8},"end":{"line":20,"column":54}},"9":{"start":{"line":22,"column":4},"end":{"line":22,"column":54}},"10":{"start":{"line":23,"column":4},"end":{"line":23,"column":10}}},"fnMap":{"0":{"name":"(anonymous_0)","decl":{"start":{"line":6,"column":24},"end":{"line":6,"column":25}},"loc":{"start":{"line":10,"column":5},"end":{"line":24,"column":1}},"line":10}},"branchMap":{"0":{"loc":{"start":{"line":11,"column":4},"end":{"line":14,"column":5}},"type":"if","locations":[{"start":{"line":11,"column":4},"end":{"line":14,"column":5}},{"start":{},"end":{}}],"line":11},"1":{"loc":{"start":{"line":17,"column":4},"end":{"line":21,"column":5}},"type":"if","locations":[{"start":{"line":17,"column":4},"end":{"line":21,"column":5}},{"start":{},"end":{}}],"line":17},"2":{"loc":{"start":{"line":17,"column":8},"end":{"line":17,"column":70}},"type":"binary-expr","locations":[{"start":{"line":17,"column":8},"end":{"line":17,"column":33}},{"start":{"line":17,"column":37},"end":{"line":17,"column":70}}],"line":17}},"s":{"0":4,"1":11,"2":0,"3":0,"4":11,"5":11,"6":11,"7":3,"8":3,"9":8,"10":8},"f":{"0":11},"b":{"0":[0,11],"1":[3,8],"2":[11,9]},"_coverageSchema":"1a1c01bbd47fc00a2c39e90264f33305004495a9","hash":"6cbc3f3d8e7708d112ddd0a2fe51935e6b3acf96"}
,"/home/matthew/TTT-PPT-GEN/ttt-ppt-gen-backend/src/middleware/validateSchema.ts": {"path":"/home/matthew/TTT-PPT-GEN/ttt-ppt-gen-backend/src/middleware/validateSchema.ts","statementMap":{"0":{"start":{"line":5,"column":4},"end":{"line":18,"column":5}},"1":{"start":{"line":6,"column":4},"end":{"line":18,"column":5}},"2":{"start":{"line":7,"column":8},"end":{"line":17,"column":9}},"3":{"start":{"line":8,"column":12},"end":{"line":13,"column":14}},"4":{"start":{"line":14,"column":12},"end":{"line":14,"column":18}},"5":{"start":{"line":16,"column":12},"end":{"line":16,"column":41}}},"fnMap":{"0":{"name":"(anonymous_0)","decl":{"start":{"line":5,"column":4},"end":{"line":5,"column":5}},"loc":{"start":{"line":6,"column":4},"end":{"line":18,"column":5}},"line":6},"1":{"name":"(anonymous_1)","decl":{"start":{"line":6,"column":4},"end":{"line":6,"column":5}},"loc":{"start":{"line":6,"column":57},"end":{"line":18,"column":5}},"line":6}},"branchMap":{},"s":{"0":4,"1":44,"2":25,"3":25,"4":16,"5":9},"f":{"0":44,"1":25},"b":{},"_coverageSchema":"1a1c01bbd47fc00a2c39e90264f33305004495a9","hash":"1394d09448338190a26963d1d7eac704c38ba824"}
,"/home/matthew/TTT-PPT-GEN/ttt-ppt-gen-backend/src/middleware/validateSession.ts": {"path":"/home/matthew/TTT-PPT-GEN/ttt-ppt-gen-backend/src/middleware/validateSession.ts","statementMap":{"0":{"start":{"line":7,"column":24},"end":{"line":30,"column":1}},"1":{"start":{"line":12,"column":51},"end":{"line":12,"column":59}},"2":{"start":{"line":13,"column":17},"end":{"line":13,"column":52}},"3":{"start":{"line":14,"column":4},"end":{"line":29,"column":5}},"4":{"start":{"line":15,"column":22},"end":{"line":19,"column":9}},"5":{"start":{"line":20,"column":8},"end":{"line":20,"column":35}},"6":{"start":{"line":22,"column":22},"end":{"line":22,"column":73}},"7":{"start":{"line":23,"column":8},"end":{"line":28,"column":9}},"8":{"start":{"line":24,"column":12},"end":{"line":24,"column":35}},"9":{"start":{"line":25,"column":12},"end":{"line":25,"column":18}},"10":{"start":{"line":27,"column":12},"end":{"line":27,"column":52}}},"fnMap":{"0":{"name":"(anonymous_0)","decl":{"start":{"line":7,"column":24},"end":{"line":7,"column":25}},"loc":{"start":{"line":11,"column":5},"end":{"line":30,"column":1}},"line":11}},"branchMap":{"0":{"loc":{"start":{"line":14,"column":4},"end":{"line":29,"column":5}},"type":"if","locations":[{"start":{"line":14,"column":4},"end":{"line":29,"column":5}},{"start":{"line":21,"column":11},"end":{"line":29,"column":5}}],"line":14},"1":{"loc":{"start":{"line":23,"column":8},"end":{"line":28,"column":9}},"type":"if","locations":[{"start":{"line":23,"column":8},"end":{"line":28,"column":9}},{"start":{"line":26,"column":15},"end":{"line":28,"column":9}}],"line":23}},"s":{"0":4,"1":1,"2":1,"3":1,"4":0,"5":0,"6":1,"7":1,"8":1,"9":1,"10":0},"f":{"0":1},"b":{"0":[0,1],"1":[1,0]},"_coverageSchema":"1a1c01bbd47fc00a2c39e90264f33305004495a9","hash":"36bf4800f68d87d86b836bd57474879379157bfa"}
,"/home/matthew/TTT-PPT-GEN/ttt-ppt-gen-backend/src/middleware/validateTemplate.ts": {"path":"/home/matthew/TTT-PPT-GEN/ttt-ppt-gen-backend/src/middleware/validateTemplate.ts","statementMap":{"0":{"start":{"line":7,"column":25},"end":{"line":23,"column":1}},"1":{"start":{"line":12,"column":42},"end":{"line":12,"column":50}},"2":{"start":{"line":13,"column":27},"end":{"line":13,"column":75}},"3":{"start":{"line":14,"column":4},"end":{"line":21,"column":5}},"4":{"start":{"line":15,"column":22},"end":{"line":19,"column":9}},"5":{"start":{"line":20,"column":8},"end":{"line":20,"column":35}},"6":{"start":{"line":22,"column":4},"end":{"line":22,"column":10}}},"fnMap":{"0":{"name":"(anonymous_0)","decl":{"start":{"line":7,"column":25},"end":{"line":7,"column":26}},"loc":{"start":{"line":11,"column":5},"end":{"line":23,"column":1}},"line":11}},"branchMap":{"0":{"loc":{"start":{"line":14,"column":4},"end":{"line":21,"column":5}},"type":"if","locations":[{"start":{"line":14,"column":4},"end":{"line":21,"column":5}},{"start":{},"end":{}}],"line":14}},"s":{"0":4,"1":1,"2":1,"3":1,"4":1,"5":1,"6":1},"f":{"0":1},"b":{"0":[1,0]},"_coverageSchema":"1a1c01bbd47fc00a2c39e90264f33305004495a9","hash":"612f4e4888c311f8128061bfeaafaaa16c9676ea"}
,"/home/matthew/TTT-PPT-GEN/ttt-ppt-gen-backend/src/routes/index.ts": {"path":"/home/matthew/TTT-PPT-GEN/ttt-ppt-gen-backend/src/routes/index.ts","statementMap":{"0":{"start":{"line":30,"column":18},"end":{"line":103,"column":1}},"1":{"start":{"line":31,"column":4},"end":{"line":33,"column":6}},"2":{"start":{"line":32,"column":8},"end":{"line":32,"column":41}},"3":{"start":{"line":36,"column":4},"end":{"line":36,"column":52}},"4":{"start":{"line":37,"column":4},"end":{"line":42,"column":5}},"5":{"start":{"line":45,"column":4},"end":{"line":45,"column":53}},"6":{"start":{"line":46,"column":4},"end":{"line":46,"column":72}},"7":{"start":{"line":49,"column":4},"end":{"line":54,"column":5}},"8":{"start":{"line":55,"column":4},"end":{"line":60,"column":5}},"9":{"start":{"line":62,"column":4},"end":{"line":67,"column":5}},"10":{"start":{"line":68,"column":4},"end":{"line":73,"column":5}},"11":{"start":{"line":77,"column":4},"end":{"line":82,"column":5}},"12":{"start":{"line":83,"column":4},"end":{"line":88,"column":5}},"13":{"start":{"line":91,"column":4},"end":{"line":96,"column":5}},"14":{"start":{"line":97,"column":4},"end":{"line":102,"column":5}}},"fnMap":{"0":{"name":"(anonymous_0)","decl":{"start":{"line":30,"column":18},"end":{"line":30,"column":19}},"loc":{"start":{"line":30,"column":36},"end":{"line":103,"column":1}},"line":30},"1":{"name":"(anonymous_1)","decl":{"start":{"line":31,"column":28},"end":{"line":31,"column":29}},"loc":{"start":{"line":31,"column":61},"end":{"line":33,"column":5}},"line":31}},"branchMap":{},"s":{"0":4,"1":4,"2":0,"3":4,"4":4,"5":4,"6":4,"7":4,"8":4,"9":4,"10":4,"11":4,"12":4,"13":4,"14":4},"f":{"0":4,"1":0},"b":{},"_coverageSchema":"1a1c01bbd47fc00a2c39e90264f33305004495a9","hash":"dc29b43bca0840b06e262bafadb46c5241cc5a0d"}
,"/home/matthew/TTT-PPT-GEN/ttt-ppt-gen-backend/src/schema/deleteUserTemplate.schema.ts": {"path":"/home/matthew/TTT-PPT-GEN/ttt-ppt-gen-backend/src/schema/deleteUserTemplate.schema.ts","statementMap":{"0":{"start":{"line":3,"column":33},"end":{"line":11,"column":2}},"1":{"start":{"line":9,"column":53},"end":{"line":9,"column":78}}},"fnMap":{"0":{"name":"(anonymous_0)","decl":{"start":{"line":9,"column":41},"end":{"line":9,"column":42}},"loc":{"start":{"line":9,"column":53},"end":{"line":9,"column":78}},"line":9}},"branchMap":{},"s":{"0":4,"1":3},"f":{"0":3},"b":{},"_coverageSchema":"1a1c01bbd47fc00a2c39e90264f33305004495a9","hash":"992c9de66f0be68719fa1b63037987b9f6b6eb72"}
,"/home/matthew/TTT-PPT-GEN/ttt-ppt-gen-backend/src/schema/getTemplate.schema.ts": {"path":"/home/matthew/TTT-PPT-GEN/ttt-ppt-gen-backend/src/schema/getTemplate.schema.ts","statementMap":{"0":{"start":{"line":3,"column":31},"end":{"line":10,"column":2}},"1":{"start":{"line":8,"column":53},"end":{"line":8,"column":78}}},"fnMap":{"0":{"name":"(anonymous_0)","decl":{"start":{"line":8,"column":41},"end":{"line":8,"column":42}},"loc":{"start":{"line":8,"column":53},"end":{"line":8,"column":78}},"line":8}},"branchMap":{},"s":{"0":4,"1":4},"f":{"0":4},"b":{},"_coverageSchema":"1a1c01bbd47fc00a2c39e90264f33305004495a9","hash":"3e40549dd0b3c184d7001dc50ab39a8b718bfa49"}
,"/home/matthew/TTT-PPT-GEN/ttt-ppt-gen-backend/src/schema/getUserTemplate.schema.ts": {"path":"/home/matthew/TTT-PPT-GEN/ttt-ppt-gen-backend/src/schema/getUserTemplate.schema.ts","statementMap":{"0":{"start":{"line":3,"column":30},"end":{"line":11,"column":2}},"1":{"start":{"line":5,"column":53},"end":{"line":5,"column":78}}},"fnMap":{"0":{"name":"(anonymous_0)","decl":{"start":{"line":5,"column":41},"end":{"line":5,"column":42}},"loc":{"start":{"line":5,"column":53},"end":{"line":5,"column":78}},"line":5}},"branchMap":{},"s":{"0":4,"1":0},"f":{"0":0},"b":{},"_coverageSchema":"1a1c01bbd47fc00a2c39e90264f33305004495a9","hash":"25e909dd0450df88740317069fb98c15f66b95af"}
,"/home/matthew/TTT-PPT-GEN/ttt-ppt-gen-backend/src/schema/patchUserTemplate.schema.ts": {"path":"/home/matthew/TTT-PPT-GEN/ttt-ppt-gen-backend/src/schema/patchUserTemplate.schema.ts","statementMap":{"0":{"start":{"line":3,"column":32},"end":{"line":21,"column":2}},"1":{"start":{"line":19,"column":53},"end":{"line":19,"column":78}}},"fnMap":{"0":{"name":"(anonymous_0)","decl":{"start":{"line":19,"column":41},"end":{"line":19,"column":42}},"loc":{"start":{"line":19,"column":53},"end":{"line":19,"column":78}},"line":19}},"branchMap":{},"s":{"0":4,"1":0},"f":{"0":0},"b":{},"_coverageSchema":"1a1c01bbd47fc00a2c39e90264f33305004495a9","hash":"6e5cd21e21d375b8754400a7bdd7995463f5317d"}
,"/home/matthew/TTT-PPT-GEN/ttt-ppt-gen-backend/src/schema/postUserTemplate.schema.ts": {"path":"/home/matthew/TTT-PPT-GEN/ttt-ppt-gen-backend/src/schema/postUserTemplate.schema.ts","statementMap":{"0":{"start":{"line":3,"column":31},"end":{"line":21,"column":2}},"1":{"start":{"line":16,"column":53},"end":{"line":16,"column":78}}},"fnMap":{"0":{"name":"(anonymous_0)","decl":{"start":{"line":16,"column":41},"end":{"line":16,"column":42}},"loc":{"start":{"line":16,"column":53},"end":{"line":16,"column":78}},"line":16}},"branchMap":{},"s":{"0":4,"1":1},"f":{"0":1},"b":{},"_coverageSchema":"1a1c01bbd47fc00a2c39e90264f33305004495a9","hash":"a3a3fc3ecc55217d8e71b1e29f339d42d518598e"}
,"/home/matthew/TTT-PPT-GEN/ttt-ppt-gen-backend/src/schema/session.schema.ts": {"path":"/home/matthew/TTT-PPT-GEN/ttt-ppt-gen-backend/src/schema/session.schema.ts","statementMap":{"0":{"start":{"line":3,"column":22},"end":{"line":7,"column":2}},"1":{"start":{"line":5,"column":53},"end":{"line":5,"column":78}},"2":{"start":{"line":9,"column":28},"end":{"line":14,"column":2}}},"fnMap":{"0":{"name":"(anonymous_0)","decl":{"start":{"line":5,"column":41},"end":{"line":5,"column":42}},"loc":{"start":{"line":5,"column":53},"end":{"line":5,"column":78}},"line":5}},"branchMap":{},"s":{"0":4,"1":3,"2":4},"f":{"0":3},"b":{},"_coverageSchema":"1a1c01bbd47fc00a2c39e90264f33305004495a9","hash":"aaa1ead03c34083c7db1dc64711b3f1110989385"}
,"/home/matthew/TTT-PPT-GEN/ttt-ppt-gen-backend/src/schema/template.schema.ts": {"path":"/home/matthew/TTT-PPT-GEN/ttt-ppt-gen-backend/src/schema/template.schema.ts","statementMap":{"0":{"start":{"line":4,"column":23},"end":{"line":15,"column":2}}},"fnMap":{},"branchMap":{},"s":{"0":4},"f":{},"b":{},"_coverageSchema":"1a1c01bbd47fc00a2c39e90264f33305004495a9","hash":"84f82532a5e4ed434ae47df13b29997b656f276c"}
,"/home/matthew/TTT-PPT-GEN/ttt-ppt-gen-backend/src/schema/user.schema.ts": {"path":"/home/matthew/TTT-PPT-GEN/ttt-ppt-gen-backend/src/schema/user.schema.ts","statementMap":{"0":{"start":{"line":4,"column":19},"end":{"line":34,"column":2}},"1":{"start":{"line":13,"column":24},"end":{"line":17,"column":26}},"2":{"start":{"line":27,"column":16},"end":{"line":27,"column":61}}},"fnMap":{"0":{"name":"(anonymous_0)","decl":{"start":{"line":12,"column":20},"end":{"line":12,"column":21}},"loc":{"start":{"line":13,"column":24},"end":{"line":17,"column":26}},"line":13},"1":{"name":"(anonymous_1)","decl":{"start":{"line":26,"column":12},"end":{"line":26,"column":13}},"loc":{"start":{"line":26,"column":22},"end":{"line":28,"column":13}},"line":26}},"branchMap":{},"s":{"0":4,"1":5,"2":5},"f":{"0":5,"1":5},"b":{},"_coverageSchema":"1a1c01bbd47fc00a2c39e90264f33305004495a9","hash":"79a6ad55ced68d63a2a7d9e810cb4d5ff8b0541e"}
,"/home/matthew/TTT-PPT-GEN/ttt-ppt-gen-backend/src/service/slide.service.ts": {"path":"/home/matthew/TTT-PPT-GEN/ttt-ppt-gen-backend/src/service/slide.service.ts","statementMap":{"0":{"start":{"line":4,"column":27},"end":{"line":24,"column":1}},"1":{"start":{"line":8,"column":4},"end":{"line":23,"column":5}},"2":{"start":{"line":10,"column":12},"end":{"line":21,"column":13}},"3":{"start":{"line":12,"column":20},"end":{"line":19,"column":22}}},"fnMap":{"0":{"name":"(anonymous_0)","decl":{"start":{"line":4,"column":27},"end":{"line":4,"column":28}},"loc":{"start":{"line":7,"column":30},"end":{"line":24,"column":1}},"line":7},"1":{"name":"(anonymous_1)","decl":{"start":{"line":9,"column":26},"end":{"line":9,"column":27}},"loc":{"start":{"line":9,"column":43},"end":{"line":22,"column":9}},"line":9},"2":{"name":"(anonymous_2)","decl":{"start":{"line":11,"column":33},"end":{"line":11,"column":34}},"loc":{"start":{"line":11,"column":50},"end":{"line":20,"column":17}},"line":11}},"branchMap":{},"s":{"0":4,"1":0,"2":0,"3":0},"f":{"0":0,"1":0,"2":0},"b":{},"_coverageSchema":"1a1c01bbd47fc00a2c39e90264f33305004495a9","hash":"47c7f7e622693da55aef725a6b3b2b85a5ba67e2"}
,"/home/matthew/TTT-PPT-GEN/ttt-ppt-gen-backend/src/service/template.service.ts": {"path":"/home/matthew/TTT-PPT-GEN/ttt-ppt-gen-backend/src/service/template.service.ts","statementMap":{"0":{"start":{"line":9,"column":31},"end":{"line":24,"column":1}},"1":{"start":{"line":10,"column":22},"end":{"line":22,"column":6}},"2":{"start":{"line":23,"column":4},"end":{"line":23,"column":20}},"3":{"start":{"line":26,"column":27},"end":{"line":36,"column":1}},"4":{"start":{"line":27,"column":21},"end":{"line":34,"column":6}},"5":{"start":{"line":35,"column":4},"end":{"line":35,"column":19}},"6":{"start":{"line":38,"column":39},"end":{"line":80,"column":1}},"7":{"start":{"line":44,"column":21},"end":{"line":48,"column":5}},"8":{"start":{"line":49,"column":25},"end":{"line":57,"column":6}},"9":{"start":{"line":58,"column":4},"end":{"line":78,"column":5}},"10":{"start":{"line":60,"column":26},"end":{"line":65,"column":14}},"11":{"start":{"line":66,"column":12},"end":{"line":76,"column":14}},"12":{"start":{"line":67,"column":34},"end":{"line":67,"column":38}},"13":{"start":{"line":69,"column":20},"end":{"line":75,"column":22}},"14":{"start":{"line":79,"column":4},"end":{"line":79,"column":23}},"15":{"start":{"line":82,"column":35},"end":{"line":104,"column":1}},"16":{"start":{"line":83,"column":17},"end":{"line":102,"column":6}},"17":{"start":{"line":103,"column":4},"end":{"line":103,"column":15}},"18":{"start":{"line":106,"column":31},"end":{"line":129,"column":1}},"19":{"start":{"line":110,"column":4},"end":{"line":128,"column":6}},"20":{"start":{"line":131,"column":37},"end":{"line":147,"column":1}},"21":{"start":{"line":135,"column":4},"end":{"line":146,"column":6}},"22":{"start":{"line":149,"column":34},"end":{"line":170,"column":1}},"23":{"start":{"line":153,"column":4},"end":{"line":159,"column":6}},"24":{"start":{"line":160,"column":4},"end":{"line":164,"column":6}},"25":{"start":{"line":165,"column":4},"end":{"line":169,"column":6}}},"fnMap":{"0":{"name":"(anonymous_0)","decl":{"start":{"line":9,"column":31},"end":{"line":9,"column":32}},"loc":{"start":{"line":9,"column":43},"end":{"line":24,"column":1}},"line":9},"1":{"name":"(anonymous_1)","decl":{"start":{"line":26,"column":27},"end":{"line":26,"column":28}},"loc":{"start":{"line":26,"column":57},"end":{"line":36,"column":1}},"line":26},"2":{"name":"(anonymous_2)","decl":{"start":{"line":38,"column":39},"end":{"line":38,"column":40}},"loc":{"start":{"line":43,"column":29},"end":{"line":80,"column":1}},"line":43},"3":{"name":"(anonymous_3)","decl":{"start":{"line":59,"column":26},"end":{"line":59,"column":27}},"loc":{"start":{"line":59,"column":50},"end":{"line":77,"column":9}},"line":59},"4":{"name":"(anonymous_4)","decl":{"start":{"line":66,"column":37},"end":{"line":66,"column":38}},"loc":{"start":{"line":66,"column":50},"end":{"line":76,"column":13}},"line":66},"5":{"name":"(anonymous_5)","decl":{"start":{"line":82,"column":35},"end":{"line":82,"column":36}},"loc":{"start":{"line":82,"column":79},"end":{"line":104,"column":1}},"line":82},"6":{"name":"(anonymous_6)","decl":{"start":{"line":106,"column":31},"end":{"line":106,"column":32}},"loc":{"start":{"line":109,"column":29},"end":{"line":129,"column":1}},"line":109},"7":{"name":"(anonymous_7)","decl":{"start":{"line":131,"column":37},"end":{"line":131,"column":38}},"loc":{"start":{"line":134,"column":29},"end":{"line":147,"column":1}},"line":134},"8":{"name":"(anonymous_8)","decl":{"start":{"line":149,"column":34},"end":{"line":149,"column":35}},"loc":{"start":{"line":152,"column":37},"end":{"line":170,"column":1}},"line":152}},"branchMap":{},"s":{"0":4,"1":0,"2":0,"3":4,"4":1,"5":1,"6":4,"7":0,"8":0,"9":0,"10":0,"11":0,"12":0,"13":0,"14":0,"15":4,"16":1,"17":1,"18":4,"19":0,"20":4,"21":0,"22":4,"23":0,"24":0,"25":0},"f":{"0":0,"1":1,"2":0,"3":0,"4":0,"5":1,"6":0,"7":0,"8":0},"b":{},"_coverageSchema":"1a1c01bbd47fc00a2c39e90264f33305004495a9","hash":"a937d5feae9d0abaa60bf5908e55823438f619be"}
,"/home/matthew/TTT-PPT-GEN/ttt-ppt-gen-backend/src/service/user.service.ts": {"path":"/home/matthew/TTT-PPT-GEN/ttt-ppt-gen-backend/src/service/user.service.ts","statementMap":{"0":{"start":{"line":5,"column":23},"end":{"line":11,"column":1}},"1":{"start":{"line":6,"column":4},"end":{"line":10,"column":6}},"2":{"start":{"line":13,"column":24},"end":{"line":25,"column":1}},"3":{"start":{"line":14,"column":21},"end":{"line":14,"column":55}},"4":{"start":{"line":16,"column":20},"end":{"line":21,"column":6}},"5":{"start":{"line":22,"column":4},"end":{"line":24,"column":5}}},"fnMap":{"0":{"name":"(anonymous_0)","decl":{"start":{"line":5,"column":23},"end":{"line":5,"column":24}},"loc":{"start":{"line":5,"column":64},"end":{"line":11,"column":1}},"line":5},"1":{"name":"(anonymous_1)","decl":{"start":{"line":13,"column":24},"end":{"line":13,"column":25}},"loc":{"start":{"line":13,"column":56},"end":{"line":25,"column":1}},"line":13}},"branchMap":{"0":{"loc":{"start":{"line":8,"column":19},"end":{"line":8,"column":66}},"type":"cond-expr","locations":[{"start":{"line":8,"column":47},"end":{"line":8,"column":52}},{"start":{"line":8,"column":55},"end":{"line":8,"column":66}}],"line":8}},"s":{"0":4,"1":0,"2":4,"3":0,"4":0,"5":0},"f":{"0":0,"1":0},"b":{"0":[0,0]},"_coverageSchema":"1a1c01bbd47fc00a2c39e90264f33305004495a9","hash":"6f53c78c10305d34bf879a87d042b98a6b43edb4"}
,"/home/matthew/TTT-PPT-GEN/ttt-ppt-gen-backend/src/utils/errorFactory.ts": {"path":"/home/matthew/TTT-PPT-GEN/ttt-ppt-gen-backend/src/utils/errorFactory.ts","statementMap":{"0":{"start":{"line":1,"column":21},"end":{"line":7,"column":1}},"1":{"start":{"line":2,"column":4},"end":{"line":6,"column":5}}},"fnMap":{"0":{"name":"(anonymous_0)","decl":{"start":{"line":1,"column":21},"end":{"line":1,"column":22}},"loc":{"start":{"line":1,"column":79},"end":{"line":7,"column":1}},"line":1}},"branchMap":{},"s":{"0":4,"1":2},"f":{"0":2},"b":{},"_coverageSchema":"1a1c01bbd47fc00a2c39e90264f33305004495a9","hash":"2cb2bfc2bc25b825d562f6c8ba425c4f1393fc87"}
,"/home/matthew/TTT-PPT-GEN/ttt-ppt-gen-backend/src/utils/genPpt.ts": {"path":"/home/matthew/TTT-PPT-GEN/ttt-ppt-gen-backend/src/utils/genPpt.ts","statementMap":{"0":{"start":{"line":11,"column":18},"end":{"line":54,"column":1}},"1":{"start":{"line":63,"column":21},"end":{"line":68,"column":1}},"2":{"start":{"line":64,"column":4},"end":{"line":67,"column":5}},"3":{"start":{"line":70,"column":30},"end":{"line":83,"column":1}},"4":{"start":{"line":71,"column":4},"end":{"line":82,"column":6}},"5":{"start":{"line":72,"column":26},"end":{"line":76,"column":9}},"6":{"start":{"line":74,"column":16},"end":{"line":75,"column":61}},"7":{"start":{"line":77,"column":8},"end":{"line":81,"column":9}},"8":{"start":{"line":78,"column":12},"end":{"line":78,"column":24}},"9":{"start":{"line":80,"column":12},"end":{"line":80,"column":24}},"10":{"start":{"line":85,"column":21},"end":{"line":92,"column":1}},"11":{"start":{"line":86,"column":4},"end":{"line":90,"column":5}},"12":{"start":{"line":87,"column":8},"end":{"line":89,"column":9}},"13":{"start":{"line":88,"column":12},"end":{"line":88,"column":23}},"14":{"start":{"line":91,"column":4},"end":{"line":91,"column":16}},"15":{"start":{"line":100,"column":21},"end":{"line":120,"column":1}},"16":{"start":{"line":106,"column":4},"end":{"line":119,"column":5}},"17":{"start":{"line":107,"column":21},"end":{"line":109,"column":46}},"18":{"start":{"line":110,"column":8},"end":{"line":115,"column":10}},"19":{"start":{"line":111,"column":23},"end":{"line":111,"column":46}},"20":{"start":{"line":112,"column":12},"end":{"line":114,"column":13}},"21":{"start":{"line":113,"column":16},"end":{"line":113,"column":78}},"22":{"start":{"line":116,"column":8},"end":{"line":118,"column":9}},"23":{"start":{"line":117,"column":12},"end":{"line":117,"column":40}},"24":{"start":{"line":122,"column":22},"end":{"line":131,"column":1}},"25":{"start":{"line":127,"column":4},"end":{"line":130,"column":6}},"26":{"start":{"line":128,"column":22},"end":{"line":128,"column":52}},"27":{"start":{"line":129,"column":8},"end":{"line":129,"column":65}},"28":{"start":{"line":133,"column":33},"end":{"line":163,"column":1}},"29":{"start":{"line":139,"column":29},"end":{"line":139,"column":71}},"30":{"start":{"line":139,"column":51},"end":{"line":139,"column":70}},"31":{"start":{"line":140,"column":4},"end":{"line":142,"column":5}},"32":{"start":{"line":141,"column":8},"end":{"line":141,"column":14}},"33":{"start":{"line":143,"column":25},"end":{"line":143,"column":60}},"34":{"start":{"line":145,"column":4},"end":{"line":145,"column":41}},"35":{"start":{"line":147,"column":4},"end":{"line":147,"column":38}},"36":{"start":{"line":149,"column":19},"end":{"line":151,"column":50}},"37":{"start":{"line":151,"column":23},"end":{"line":151,"column":49}},"38":{"start":{"line":152,"column":4},"end":{"line":152,"column":57}},"39":{"start":{"line":154,"column":4},"end":{"line":154,"column":42}},"40":{"start":{"line":156,"column":4},"end":{"line":162,"column":5}},"41":{"start":{"line":157,"column":8},"end":{"line":159,"column":9}},"42":{"start":{"line":161,"column":8},"end":{"line":161,"column":26}}},"fnMap":{"0":{"name":"(anonymous_0)","decl":{"start":{"line":63,"column":21},"end":{"line":63,"column":22}},"loc":{"start":{"line":63,"column":39},"end":{"line":68,"column":1}},"line":63},"1":{"name":"(anonymous_1)","decl":{"start":{"line":70,"column":30},"end":{"line":70,"column":31}},"loc":{"start":{"line":70,"column":51},"end":{"line":83,"column":1}},"line":70},"2":{"name":"(anonymous_2)","decl":{"start":{"line":71,"column":25},"end":{"line":71,"column":26}},"loc":{"start":{"line":71,"column":36},"end":{"line":82,"column":5}},"line":71},"3":{"name":"(anonymous_3)","decl":{"start":{"line":73,"column":12},"end":{"line":73,"column":13}},"loc":{"start":{"line":74,"column":16},"end":{"line":75,"column":61}},"line":74},"4":{"name":"(anonymous_4)","decl":{"start":{"line":85,"column":21},"end":{"line":85,"column":22}},"loc":{"start":{"line":85,"column":68},"end":{"line":92,"column":1}},"line":85},"5":{"name":"(anonymous_5)","decl":{"start":{"line":100,"column":21},"end":{"line":100,"column":22}},"loc":{"start":{"line":105,"column":5},"end":{"line":120,"column":1}},"line":105},"6":{"name":"(anonymous_6)","decl":{"start":{"line":110,"column":21},"end":{"line":110,"column":22}},"loc":{"start":{"line":110,"column":30},"end":{"line":115,"column":9}},"line":110},"7":{"name":"(anonymous_7)","decl":{"start":{"line":122,"column":22},"end":{"line":122,"column":23}},"loc":{"start":{"line":126,"column":5},"end":{"line":131,"column":1}},"line":126},"8":{"name":"(anonymous_8)","decl":{"start":{"line":127,"column":19},"end":{"line":127,"column":20}},"loc":{"start":{"line":127,"column":37},"end":{"line":130,"column":5}},"line":127},"9":{"name":"(anonymous_9)","decl":{"start":{"line":133,"column":33},"end":{"line":133,"column":34}},"loc":{"start":{"line":138,"column":5},"end":{"line":163,"column":1}},"line":138},"10":{"name":"(anonymous_10)","decl":{"start":{"line":139,"column":44},"end":{"line":139,"column":45}},"loc":{"start":{"line":139,"column":51},"end":{"line":139,"column":70}},"line":139},"11":{"name":"(anonymous_11)","decl":{"start":{"line":151,"column":14},"end":{"line":151,"column":15}},"loc":{"start":{"line":151,"column":23},"end":{"line":151,"column":49}},"line":151}},"branchMap":{"0":{"loc":{"start":{"line":74,"column":16},"end":{"line":75,"column":61}},"type":"binary-expr","locations":[{"start":{"line":74,"column":16},"end":{"line":74,"column":64}},{"start":{"line":75,"column":16},"end":{"line":75,"column":61}}],"line":74},"1":{"loc":{"start":{"line":77,"column":8},"end":{"line":81,"column":9}},"type":"if","locations":[{"start":{"line":77,"column":8},"end":{"line":81,"column":9}},{"start":{"line":79,"column":15},"end":{"line":81,"column":9}}],"line":77},"2":{"loc":{"start":{"line":87,"column":8},"end":{"line":89,"column":9}},"type":"if","locations":[{"start":{"line":87,"column":8},"end":{"line":89,"column":9}},{"start":{},"end":{}}],"line":87},"3":{"loc":{"start":{"line":106,"column":4},"end":{"line":119,"column":5}},"type":"if","locations":[{"start":{"line":106,"column":4},"end":{"line":119,"column":5}},{"start":{},"end":{}}],"line":106},"4":{"loc":{"start":{"line":112,"column":12},"end":{"line":114,"column":13}},"type":"if","locations":[{"start":{"line":112,"column":12},"end":{"line":114,"column":13}},{"start":{},"end":{}}],"line":112},"5":{"loc":{"start":{"line":116,"column":8},"end":{"line":118,"column":9}},"type":"if","locations":[{"start":{"line":116,"column":8},"end":{"line":118,"column":9}},{"start":{},"end":{}}],"line":116},"6":{"loc":{"start":{"line":140,"column":4},"end":{"line":142,"column":5}},"type":"if","locations":[{"start":{"line":140,"column":4},"end":{"line":142,"column":5}},{"start":{},"end":{}}],"line":140}},"s":{"0":4,"1":4,"2":0,"3":4,"4":0,"5":0,"6":0,"7":0,"8":0,"9":0,"10":4,"11":0,"12":0,"13":0,"14":0,"15":4,"16":0,"17":0,"18":0,"19":0,"20":0,"21":0,"22":0,"23":0,"24":4,"25":0,"26":0,"27":0,"28":4,"29":1,"30":5,"31":1,"32":1,"33":0,"34":0,"35":0,"36":0,"37":0,"38":0,"39":0,"40":0,"41":0,"42":0},"f":{"0":0,"1":0,"2":0,"3":0,"4":0,"5":0,"6":0,"7":0,"8":0,"9":1,"10":5,"11":0},"b":{"0":[0,0],"1":[0,0],"2":[0,0],"3":[0,0],"4":[0,0],"5":[0,0],"6":[1,0]},"_coverageSchema":"1a1c01bbd47fc00a2c39e90264f33305004495a9","hash":"112e9bff95038396f0731af8decf4d3d95da4e22"}
,"/home/matthew/TTT-PPT-GEN/ttt-ppt-gen-backend/src/utils/getTokenFromHeader.ts": {"path":"/home/matthew/TTT-PPT-GEN/ttt-ppt-gen-backend/src/utils/getTokenFromHeader.ts","statementMap":{"0":{"start":{"line":1,"column":27},"end":{"line":3,"column":1}},"1":{"start":{"line":2,"column":4},"end":{"line":2,"column":42}}},"fnMap":{"0":{"name":"(anonymous_0)","decl":{"start":{"line":1,"column":27},"end":{"line":1,"column":28}},"loc":{"start":{"line":1,"column":47},"end":{"line":3,"column":1}},"line":1}},"branchMap":{},"s":{"0":5,"1":12},"f":{"0":12},"b":{},"_coverageSchema":"1a1c01bbd47fc00a2c39e90264f33305004495a9","hash":"e4d80e742d5b024f3a968278d7e74f55b7f629ac"}
,"/home/matthew/TTT-PPT-GEN/ttt-ppt-gen-backend/src/utils/hashPassword.ts": {"path":"/home/matthew/TTT-PPT-GEN/ttt-ppt-gen-backend/src/utils/hashPassword.ts","statementMap":{"0":{"start":{"line":5,"column":21},"end":{"line":8,"column":1}},"1":{"start":{"line":6,"column":23},"end":{"line":6,"column":75}},"2":{"start":{"line":7,"column":4},"end":{"line":7,"column":21}}},"fnMap":{"0":{"name":"(anonymous_0)","decl":{"start":{"line":5,"column":21},"end":{"line":5,"column":22}},"loc":{"start":{"line":5,"column":54},"end":{"line":8,"column":1}},"line":5}},"branchMap":{},"s":{"0":4,"1":0,"2":0},"f":{"0":0},"b":{},"_coverageSchema":"1a1c01bbd47fc00a2c39e90264f33305004495a9","hash":"ec3efe9b3ae57337f0b0bde93cfd699be48ae795"}
,"/home/matthew/TTT-PPT-GEN/ttt-ppt-gen-backend/src/utils/jwt.ts": {"path":"/home/matthew/TTT-PPT-GEN/ttt-ppt-gen-backend/src/utils/jwt.ts","statementMap":{"0":{"start":{"line":5,"column":4},"end":{"line":7,"column":6}},"1":{"start":{"line":11,"column":4},"end":{"line":24,"column":5}},"2":{"start":{"line":12,"column":31},"end":{"line":12,"column":69}},"3":{"start":{"line":13,"column":8},"end":{"line":17,"column":9}},"4":{"start":{"line":19,"column":8},"end":{"line":23,"column":9}}},"fnMap":{"0":{"name":"signJwt","decl":{"start":{"line":4,"column":16},"end":{"line":4,"column":23}},"loc":{"start":{"line":4,"column":79},"end":{"line":8,"column":1}},"line":4},"1":{"name":"verifyJwt","decl":{"start":{"line":10,"column":22},"end":{"line":10,"column":31}},"loc":{"start":{"line":10,"column":47},"end":{"line":25,"column":1}},"line":10}},"branchMap":{"0":{"loc":{"start":{"line":6,"column":12},"end":{"line":6,"column":30}},"type":"binary-expr","locations":[{"start":{"line":6,"column":12},"end":{"line":6,"column":19}},{"start":{"line":6,"column":23},"end":{"line":6,"column":30}}],"line":6}},"s":{"0":3,"1":1,"2":1,"3":0,"4":1},"f":{"0":3,"1":1},"b":{"0":[3,3]},"_coverageSchema":"1a1c01bbd47fc00a2c39e90264f33305004495a9","hash":"419da4a2c22f931371dfcb9acd20eb1877e9d17e"}
,"/home/matthew/TTT-PPT-GEN/ttt-ppt-gen-backend/src/utils/objEntries.ts": {"path":"/home/matthew/TTT-PPT-GEN/ttt-ppt-gen-backend/src/utils/objEntries.ts","statementMap":{"0":{"start":{"line":1,"column":22},"end":{"line":3,"column":1}},"1":{"start":{"line":2,"column":4},"end":{"line":2,"column":53}}},"fnMap":{"0":{"name":"(anonymous_0)","decl":{"start":{"line":1,"column":22},"end":{"line":1,"column":23}},"loc":{"start":{"line":1,"column":62},"end":{"line":3,"column":1}},"line":1}},"branchMap":{},"s":{"0":4,"1":0},"f":{"0":0},"b":{},"_coverageSchema":"1a1c01bbd47fc00a2c39e90264f33305004495a9","hash":"e74b379533475d00d751139800a0c642c3d101a2"}
,"/home/matthew/TTT-PPT-GEN/ttt-ppt-gen-backend/src/utils/passCompare.ts": {"path":"/home/matthew/TTT-PPT-GEN/ttt-ppt-gen-backend/src/utils/passCompare.ts","statementMap":{"0":{"start":{"line":3,"column":20},"end":{"line":14,"column":1}},"1":{"start":{"line":4,"column":4},"end":{"line":13,"column":5}},"2":{"start":{"line":5,"column":22},"end":{"line":5,"column":52}},"3":{"start":{"line":6,"column":8},"end":{"line":10,"column":9}},"4":{"start":{"line":7,"column":12},"end":{"line":7,"column":23}},"5":{"start":{"line":9,"column":12},"end":{"line":9,"column":24}},"6":{"start":{"line":12,"column":8},"end":{"line":12,"column":20}}},"fnMap":{"0":{"name":"(anonymous_0)","decl":{"start":{"line":3,"column":20},"end":{"line":3,"column":21}},"loc":{"start":{"line":3,"column":63},"end":{"line":14,"column":1}},"line":3}},"branchMap":{"0":{"loc":{"start":{"line":6,"column":8},"end":{"line":10,"column":9}},"type":"if","locations":[{"start":{"line":6,"column":8},"end":{"line":10,"column":9}},{"start":{"line":8,"column":15},"end":{"line":10,"column":9}}],"line":6}},"s":{"0":4,"1":0,"2":0,"3":0,"4":0,"5":0,"6":0},"f":{"0":0},"b":{"0":[0,0]},"_coverageSchema":"1a1c01bbd47fc00a2c39e90264f33305004495a9","hash":"5df5304fb6c19fe1c2788850aafc4085ce64f138"}
}
