TN:
SF:src/index.ts
FNF:0
FNH:0
DA:4,4
LF:1
LH:1
BRF:0
BRH:0
end_of_record
TN:
SF:src/makeApp.ts
FN:8,(anonymous_0)
FN:14,(anonymous_1)
FNF:2
FNH:1
FNDA:4,(anonymous_0)
FNDA:0,(anonymous_1)
DA:8,4
DA:9,4
DA:10,4
DA:12,4
DA:13,4
DA:14,4
DA:15,0
DA:18,4
DA:20,4
LF:9
LH:8
BRDA:13,0,0,4
BRDA:13,0,1,0
BRF:2
BRH:1
end_of_record
TN:
SF:src/appConfig/applyMiddleware.ts
FN:6,(anonymous_0)
FNF:1
FNH:1
FNDA:4,(anonymous_0)
DA:6,4
DA:7,4
DA:8,4
DA:13,4
LF:4
LH:4
BRF:0
BRH:0
end_of_record
TN:
SF:src/appConfig/env.ts
FN:11,(anonymous_0)
FN:13,(anonymous_1)
FNF:2
FNH:2
FNDA:6,(anonymous_0)
FNDA:21,(anonymous_1)
DA:2,5
DA:4,5
DA:11,5
DA:12,6
DA:13,21
DA:15,6
DA:16,1
DA:18,5
DA:21,5
LF:9
LH:9
BRDA:13,0,0,21
BRDA:13,0,1,20
BRDA:15,1,0,1
BRDA:15,1,1,5
BRF:4
BRH:4
end_of_record
TN:
SF:src/controller/session.controller.ts
FN:5,(anonymous_0)
FN:22,(anonymous_1)
FNF:2
FNH:2
FNDA:2,(anonymous_0)
FNDA:1,(anonymous_1)
DA:5,4
DA:16,2
DA:17,0
DA:19,2
DA:22,4
DA:26,1
DA:27,1
DA:30,1
LF:8
LH:7
BRDA:16,0,0,0
BRDA:16,0,1,2
BRF:2
BRH:1
end_of_record
TN:
SF:src/controller/slides.controller.ts
FN:5,(anonymous_0)
FNF:1
FNH:0
FNDA:0,(anonymous_0)
DA:5,4
DA:9,0
DA:10,0
DA:11,0
LF:4
LH:1
BRF:0
BRH:0
end_of_record
TN:
SF:src/controller/template.controller.ts
FN:17,(anonymous_0)
FN:25,(anonymous_1)
FN:36,(anonymous_2)
FN:48,(anonymous_3)
FN:63,(anonymous_4)
FN:72,(anonymous_5)
FN:82,(anonymous_6)
FNF:7
FNH:4
FNDA:0,(anonymous_0)
FNDA:1,(anonymous_1)
FNDA:3,(anonymous_2)
FNDA:1,(anonymous_3)
FNDA:0,(anonymous_4)
FNDA:0,(anonymous_5)
FNDA:2,(anonymous_6)
DA:17,4
DA:18,0
DA:19,0
DA:20,0
DA:22,0
DA:25,4
DA:29,1
DA:31,1
DA:32,1
DA:33,1
DA:36,4
DA:40,3
DA:41,3
DA:44,3
DA:45,3
DA:48,4
DA:52,1
DA:53,1
DA:54,1
DA:60,1
DA:63,4
DA:67,0
DA:68,0
DA:69,0
DA:72,4
DA:76,0
DA:78,0
DA:79,0
DA:82,4
DA:86,2
DA:87,2
DA:88,2
LF:32
LH:22
BRDA:19,0,0,0
BRDA:19,0,1,0
BRF:2
BRH:0
end_of_record
TN:
SF:src/controller/user.controller.ts
FN:8,(anonymous_0)
FNF:1
FNH:1
FNDA:3,(anonymous_0)
DA:8,4
DA:12,3
DA:13,3
DA:14,1
DA:19,1
DA:21,2
DA:24,2
LF:7
LH:7
BRDA:13,0,0,1
BRDA:13,0,1,2
BRF:2
BRH:2
end_of_record
TN:
SF:src/db/database.ts
FN:24,(anonymous_0)
FN:32,(anonymous_1)
FN:41,(anonymous_2)
FN:46,(anonymous_3)
FN:50,(anonymous_4)
FN:55,(anonymous_5)
FN:59,(anonymous_6)
FN:63,(anonymous_7)
FN:67,(anonymous_8)
FN:75,(anonymous_9)
FNF:10
FNH:6
FNDA:3,(anonymous_0)
FNDA:1,(anonymous_1)
FNDA:0,(anonymous_2)
FNDA:1,(anonymous_3)
FNDA:3,(anonymous_4)
FNDA:1,(anonymous_5)
FNDA:0,(anonymous_6)
FNDA:2,(anonymous_7)
FNDA:0,(anonymous_8)
FNDA:0,(anonymous_9)
DA:22,4
DA:25,3
DA:26,3
DA:27,1
DA:29,2
DA:30,2
DA:33,1
DA:34,1
DA:35,0
DA:37,1
DA:42,0
DA:43,0
DA:44,0
DA:47,1
DA:48,1
DA:51,3
DA:52,3
DA:53,3
DA:56,1
DA:57,1
DA:60,0
DA:61,0
DA:64,2
DA:68,0
DA:72,0
DA:73,0
DA:76,0
LF:27
LH:17
BRDA:26,0,0,1
BRDA:26,0,1,2
BRDA:34,1,0,0
BRDA:34,1,1,1
BRF:4
BRH:3
end_of_record
TN:
SF:src/db/prisma.ts
FNF:0
FNH:0
DA:3,4
LF:1
LH:1
BRF:0
BRH:0
end_of_record
TN:
SF:src/formatResponse/formatAllTemplates.ts
FN:8,(anonymous_0)
FN:18,(anonymous_1)
FN:25,(anonymous_2)
FN:29,(anonymous_3)
FNF:4
FNH:0
FNDA:0,(anonymous_0)
FNDA:0,(anonymous_1)
FNDA:0,(anonymous_2)
FNDA:0,(anonymous_3)
DA:8,4
DA:17,0
DA:19,0
DA:25,0
DA:29,0
LF:5
LH:1
BRF:0
BRH:0
end_of_record
TN:
SF:src/formatResponse/formatAllUserTemplates.ts
FN:3,(anonymous_0)
FN:18,(anonymous_1)
FNF:2
FNH:2
FNDA:3,(anonymous_0)
FNDA:29,(anonymous_1)
DA:3,4
DA:18,3
DA:19,29
LF:3
LH:3
BRF:0
BRH:0
end_of_record
TN:
SF:src/formatResponse/formatUserTemplateSlides.ts
FN:20,(anonymous_0)
FN:27,(anonymous_1)
FN:31,(anonymous_2)
FNF:3
FNH:0
FNDA:0,(anonymous_0)
FNDA:0,(anonymous_1)
FNDA:0,(anonymous_2)
DA:20,4
DA:27,0
DA:28,0
DA:32,0
LF:4
LH:1
BRF:0
BRH:0
end_of_record
TN:
SF:src/middleware/deserializeUser.ts
FN:6,(anonymous_0)
FNF:1
FNH:1
FNDA:11,(anonymous_0)
DA:6,4
DA:11,11
DA:12,0
DA:13,0
DA:15,11
DA:16,11
DA:17,11
DA:18,3
DA:20,3
DA:22,8
DA:23,8
LF:11
LH:9
BRDA:11,0,0,0
BRDA:11,0,1,11
BRDA:17,1,0,3
BRDA:17,1,1,8
BRDA:17,2,0,11
BRDA:17,2,1,9
BRF:6
BRH:5
end_of_record
TN:
SF:src/middleware/validateSchema.ts
FN:5,(anonymous_0)
FN:6,(anonymous_1)
FNF:2
FNH:2
FNDA:44,(anonymous_0)
FNDA:25,(anonymous_1)
DA:5,4
DA:6,44
DA:7,25
DA:8,25
DA:14,16
DA:16,9
LF:6
LH:6
BRF:0
BRH:0
end_of_record
TN:
SF:src/middleware/validateSession.ts
FN:7,(anonymous_0)
FNF:1
FNH:1
FNDA:1,(anonymous_0)
DA:7,4
DA:12,1
DA:13,1
DA:14,1
DA:15,0
DA:20,0
DA:22,1
DA:23,1
DA:24,1
DA:25,1
DA:27,0
LF:11
LH:8
BRDA:14,0,0,0
BRDA:14,0,1,1
BRDA:23,1,0,1
BRDA:23,1,1,0
BRF:4
BRH:2
end_of_record
TN:
SF:src/middleware/validateTemplate.ts
FN:7,(anonymous_0)
FNF:1
FNH:1
FNDA:1,(anonymous_0)
DA:7,4
DA:12,1
DA:13,1
DA:14,1
DA:15,1
DA:20,1
DA:22,1
LF:7
LH:7
BRDA:14,0,0,1
BRDA:14,0,1,0
BRF:2
BRH:1
end_of_record
TN:
SF:src/routes/index.ts
FN:30,(anonymous_0)
FN:31,(anonymous_1)
FNF:2
FNH:1
FNDA:4,(anonymous_0)
FNDA:0,(anonymous_1)
DA:30,4
DA:31,4
DA:32,0
DA:36,4
DA:37,4
DA:45,4
DA:46,4
DA:49,4
DA:55,4
DA:62,4
DA:68,4
DA:77,4
DA:83,4
DA:91,4
DA:97,4
LF:15
LH:14
BRF:0
BRH:0
end_of_record
TN:
SF:src/schema/deleteUserTemplate.schema.ts
FN:9,(anonymous_0)
FNF:1
FNH:1
FNDA:3,(anonymous_0)
DA:3,4
DA:9,3
LF:2
LH:2
BRF:0
BRH:0
end_of_record
TN:
SF:src/schema/getTemplate.schema.ts
FN:8,(anonymous_0)
FNF:1
FNH:1
FNDA:4,(anonymous_0)
DA:3,4
DA:8,4
LF:2
LH:2
BRF:0
BRH:0
end_of_record
TN:
SF:src/schema/getUserTemplate.schema.ts
FN:5,(anonymous_0)
FNF:1
FNH:0
FNDA:0,(anonymous_0)
DA:3,4
DA:5,0
LF:2
LH:1
BRF:0
BRH:0
end_of_record
TN:
SF:src/schema/patchUserTemplate.schema.ts
FN:19,(anonymous_0)
FNF:1
FNH:0
FNDA:0,(anonymous_0)
DA:3,4
DA:19,0
LF:2
LH:1
BRF:0
BRH:0
end_of_record
TN:
SF:src/schema/postUserTemplate.schema.ts
FN:16,(anonymous_0)
FNF:1
FNH:1
FNDA:1,(anonymous_0)
DA:3,4
DA:16,1
LF:2
LH:2
BRF:0
BRH:0
end_of_record
TN:
SF:src/schema/session.schema.ts
FN:5,(anonymous_0)
FNF:1
FNH:1
FNDA:3,(anonymous_0)
DA:3,4
DA:5,3
DA:9,4
LF:3
LH:3
BRF:0
BRH:0
end_of_record
TN:
SF:src/schema/template.schema.ts
FNF:0
FNH:0
DA:4,4
LF:1
LH:1
BRF:0
BRH:0
end_of_record
TN:
SF:src/schema/user.schema.ts
FN:12,(anonymous_0)
FN:26,(anonymous_1)
FNF:2
FNH:2
FNDA:5,(anonymous_0)
FNDA:5,(anonymous_1)
DA:4,4
DA:13,5
DA:27,5
LF:3
LH:3
BRF:0
BRH:0
end_of_record
TN:
SF:src/service/slide.service.ts
FN:4,(anonymous_0)
FN:9,(anonymous_1)
FN:11,(anonymous_2)
FNF:3
FNH:0
FNDA:0,(anonymous_0)
FNDA:0,(anonymous_1)
FNDA:0,(anonymous_2)
DA:4,4
DA:8,0
DA:10,0
DA:12,0
LF:4
LH:1
BRF:0
BRH:0
end_of_record
TN:
SF:src/service/template.service.ts
FN:9,(anonymous_0)
FN:26,(anonymous_1)
FN:38,(anonymous_2)
FN:59,(anonymous_3)
FN:66,(anonymous_4)
FN:82,(anonymous_5)
FN:106,(anonymous_6)
FN:131,(anonymous_7)
FN:149,(anonymous_8)
FNF:9
FNH:2
FNDA:0,(anonymous_0)
FNDA:1,(anonymous_1)
FNDA:0,(anonymous_2)
FNDA:0,(anonymous_3)
FNDA:0,(anonymous_4)
FNDA:1,(anonymous_5)
FNDA:0,(anonymous_6)
FNDA:0,(anonymous_7)
FNDA:0,(anonymous_8)
DA:9,4
DA:10,0
DA:23,0
DA:26,4
DA:27,1
DA:35,1
DA:38,4
DA:44,0
DA:49,0
DA:58,0
DA:60,0
DA:66,0
DA:67,0
DA:69,0
DA:79,0
DA:82,4
DA:83,1
DA:103,1
DA:106,4
DA:110,0
DA:131,4
DA:135,0
DA:149,4
DA:153,0
DA:160,0
DA:165,0
LF:26
LH:11
BRF:0
BRH:0
end_of_record
TN:
SF:src/service/user.service.ts
FN:5,(anonymous_0)
FN:13,(anonymous_1)
FNF:2
FNH:0
FNDA:0,(anonymous_0)
FNDA:0,(anonymous_1)
DA:5,4
DA:6,0
DA:13,4
DA:14,0
DA:16,0
DA:22,0
LF:6
LH:2
BRDA:8,0,0,0
BRDA:8,0,1,0
BRF:2
BRH:0
end_of_record
TN:
SF:src/utils/errorFactory.ts
FN:1,(anonymous_0)
FNF:1
FNH:1
FNDA:2,(anonymous_0)
DA:1,4
DA:2,2
LF:2
LH:2
BRF:0
BRH:0
end_of_record
TN:
SF:src/utils/genPpt.ts
FN:63,(anonymous_0)
FN:70,(anonymous_1)
FN:71,(anonymous_2)
FN:73,(anonymous_3)
FN:85,(anonymous_4)
FN:100,(anonymous_5)
FN:110,(anonymous_6)
FN:122,(anonymous_7)
FN:127,(anonymous_8)
FN:133,(anonymous_9)
FN:139,(anonymous_10)
FN:151,(anonymous_11)
FNF:12
FNH:2
FNDA:0,(anonymous_0)
FNDA:0,(anonymous_1)
FNDA:0,(anonymous_2)
FNDA:0,(anonymous_3)
FNDA:0,(anonymous_4)
FNDA:0,(anonymous_5)
FNDA:0,(anonymous_6)
FNDA:0,(anonymous_7)
FNDA:0,(anonymous_8)
FNDA:1,(anonymous_9)
FNDA:5,(anonymous_10)
FNDA:0,(anonymous_11)
DA:11,4
DA:63,4
DA:64,0
DA:70,4
DA:71,0
DA:72,0
DA:74,0
DA:77,0
DA:78,0
DA:80,0
DA:85,4
DA:86,0
DA:87,0
DA:88,0
DA:91,0
DA:100,4
DA:106,0
DA:107,0
DA:110,0
DA:111,0
DA:112,0
DA:113,0
DA:116,0
DA:117,0
DA:122,4
DA:127,0
DA:128,0
DA:129,0
DA:133,4
DA:139,5
DA:140,1
DA:141,1
DA:143,0
DA:145,0
DA:147,0
DA:149,0
DA:151,0
DA:152,0
DA:154,0
DA:156,0
DA:157,0
DA:161,0
LF:42
LH:10
BRDA:74,0,0,0
BRDA:74,0,1,0
BRDA:77,1,0,0
BRDA:77,1,1,0
BRDA:87,2,0,0
BRDA:87,2,1,0
BRDA:106,3,0,0
BRDA:106,3,1,0
BRDA:112,4,0,0
BRDA:112,4,1,0
BRDA:116,5,0,0
BRDA:116,5,1,0
BRDA:140,6,0,1
BRDA:140,6,1,0
BRF:14
BRH:1
end_of_record
TN:
SF:src/utils/getTokenFromHeader.ts
FN:1,(anonymous_0)
FNF:1
FNH:1
FNDA:12,(anonymous_0)
DA:1,5
DA:2,12
LF:2
LH:2
BRF:0
BRH:0
end_of_record
TN:
SF:src/utils/hashPassword.ts
FN:5,(anonymous_0)
FNF:1
FNH:0
FNDA:0,(anonymous_0)
DA:5,4
DA:6,0
DA:7,0
LF:3
LH:1
BRF:0
BRH:0
end_of_record
TN:
SF:src/utils/jwt.ts
FN:4,signJwt
FN:10,verifyJwt
FNF:2
FNH:2
FNDA:3,signJwt
FNDA:1,verifyJwt
DA:5,3
DA:11,1
DA:12,1
DA:13,0
DA:19,1
LF:5
LH:4
BRDA:6,0,0,3
BRDA:6,0,1,3
BRF:2
BRH:2
end_of_record
TN:
SF:src/utils/objEntries.ts
FN:1,(anonymous_0)
FNF:1
FNH:0
FNDA:0,(anonymous_0)
DA:1,4
DA:2,0
LF:2
LH:1
BRF:0
BRH:0
end_of_record
TN:
SF:src/utils/passCompare.ts
FN:3,(anonymous_0)
FNF:1
FNH:0
FNDA:0,(anonymous_0)
DA:3,4
DA:4,0
DA:5,0
DA:6,0
DA:7,0
DA:9,0
DA:12,0
LF:7
LH:1
BRDA:6,0,0,0
BRDA:6,0,1,0
BRF:2
BRH:0
end_of_record
